Started GET "/" for ::1 at 2022-05-26 13:49:59 -0400
  [1m[35m (0.9ms)[0m  [1m[34mSELECT sqlite_version(*)[0m
Processing by ApplicationController#hello as HTML
  Rendering html template
  Rendered html template (Duration: 0.0ms | Allocations: 19)
Completed 200 OK in 7ms (Views: 3.2ms | ActiveRecord: 0.0ms | Allocations: 5496)


Started GET "/" for ::1 at 2022-05-26 13:50:12 -0400
Processing by ApplicationController#goodbye as HTML
  Rendering html template
  Rendered html template (Duration: 0.0ms | Allocations: 10)
Completed 200 OK in 1ms (Views: 0.4ms | Allocations: 852)


Started GET "/" for ::1 at 2022-05-26 13:50:25 -0400
  [1m[35m (0.5ms)[0m  [1m[34mSELECT sqlite_version(*)[0m
Processing by ApplicationController#goodbye as HTML
  Rendering html template
  Rendered html template (Duration: 0.0ms | Allocations: 19)
Completed 200 OK in 2ms (Views: 1.0ms | ActiveRecord: 0.0ms | Allocations: 4506)


Started GET "/" for ::1 at 2022-05-26 14:05:31 -0400
  [1m[35m (0.4ms)[0m  [1m[34mSELECT sqlite_version(*)[0m
Processing by ApplicationController#hello as HTML
  Rendering html template
  Rendered html template (Duration: 0.0ms | Allocations: 19)
Completed 200 OK in 3ms (Views: 1.6ms | ActiveRecord: 0.0ms | Allocations: 4531)


Started GET "/static_pages" for ::1 at 2022-05-26 14:05:47 -0400
  
ActionController::RoutingError (No route matches [GET] "/static_pages"):
  
Started GET "/static_pages/home" for ::1 at 2022-05-26 14:06:00 -0400
Processing by StaticPagesController#home as HTML
  Rendering layout layouts/application.html.erb
  Rendering static_pages/home.html.erb within layouts/application
  Rendered static_pages/home.html.erb within layouts/application (Duration: 0.7ms | Allocations: 194)
  Rendered layout layouts/application.html.erb (Duration: 127.6ms | Allocations: 70646)
Completed 200 OK in 130ms (Views: 129.4ms | ActiveRecord: 0.0ms | Allocations: 71886)


Started GET "/static_pages/home" for ::1 at 2022-05-26 14:08:18 -0400
Processing by StaticPagesController#home as HTML
  Rendering layout layouts/application.html.erb
  Rendering static_pages/home.html.erb within layouts/application
  Rendered static_pages/home.html.erb within layouts/application (Duration: 0.1ms | Allocations: 203)
  Rendered layout layouts/application.html.erb (Duration: 1.6ms | Allocations: 1944)
Completed 200 OK in 3ms (Views: 2.2ms | Allocations: 3216)


Started GET "/static_pages/help" for ::1 at 2022-05-26 14:08:23 -0400
Processing by StaticPagesController#help as HTML
  Rendering layout layouts/application.html.erb
  Rendering static_pages/help.html.erb within layouts/application
  Rendered static_pages/help.html.erb within layouts/application (Duration: 0.5ms | Allocations: 182)
  Rendered layout layouts/application.html.erb (Duration: 3.1ms | Allocations: 1357)
Completed 200 OK in 4ms (Views: 3.7ms | Allocations: 1688)


Started GET "/static_pages/home" for ::1 at 2022-05-26 14:08:26 -0400
Processing by StaticPagesController#home as HTML
  Rendering layout layouts/application.html.erb
  Rendering static_pages/home.html.erb within layouts/application
  Rendered static_pages/home.html.erb within layouts/application (Duration: 0.1ms | Allocations: 18)
  Rendered layout layouts/application.html.erb (Duration: 2.9ms | Allocations: 1201)
Completed 200 OK in 4ms (Views: 3.4ms | Allocations: 1457)


  [1m[35m (0.4ms)[0m  [1m[34mSELECT sqlite_version(*)[0m
  [1m[35m (0.4ms)[0m  [1m[35mCREATE TABLE "schema_migrations" ("version" varchar NOT NULL PRIMARY KEY)[0m
  [1m[35m (0.3ms)[0m  [1m[35mCREATE TABLE "ar_internal_metadata" ("key" varchar NOT NULL PRIMARY KEY, "value" varchar, "created_at" datetime(6) NOT NULL, "updated_at" datetime(6) NOT NULL)[0m
  [1m[36mActiveRecord::InternalMetadata Load (0.0ms)[0m  [1m[34mSELECT "ar_internal_metadata".* FROM "ar_internal_metadata" WHERE "ar_internal_metadata"."key" = ? LIMIT ?[0m  [["key", "environment"], ["LIMIT", 1]]
  [1m[36mTRANSACTION (0.0ms)[0m  [1m[36mbegin transaction[0m
  [1m[36mActiveRecord::InternalMetadata Create (0.6ms)[0m  [1m[32mINSERT INTO "ar_internal_metadata" ("key", "value", "created_at", "updated_at") VALUES (?, ?, ?, ?)[0m  [["key", "environment"], ["value", "development"], ["created_at", "2022-05-26 18:10:48.132493"], ["updated_at", "2022-05-26 18:10:48.132493"]]
  [1m[36mTRANSACTION (0.4ms)[0m  [1m[36mcommit transaction[0m
  [1m[35m (0.0ms)[0m  [1m[34mSELECT sqlite_version(*)[0m
  [1m[36mActiveRecord::SchemaMigration Pluck (0.0ms)[0m  [1m[34mSELECT "schema_migrations"."version" FROM "schema_migrations" ORDER BY "schema_migrations"."version" ASC[0m
Started GET "/static_pages/about" for ::1 at 2022-05-26 14:16:55 -0400
Processing by StaticPagesController#about as HTML
  Rendering layout layouts/application.html.erb
  Rendering static_pages/about.html.erb within layouts/application
  Rendered static_pages/about.html.erb within layouts/application (Duration: 0.2ms | Allocations: 213)
  Rendered layout layouts/application.html.erb (Duration: 1.4ms | Allocations: 1927)
Completed 200 OK in 3ms (Views: 2.1ms | Allocations: 3190)


Started GET "/static_pages/about" for ::1 at 2022-05-26 14:25:15 -0400
Processing by StaticPagesController#about as HTML
  Rendering static_pages/about.html.erb
  Rendered static_pages/about.html.erb (Duration: 1.0ms | Allocations: 298)
Completed 200 OK in 6ms (Views: 5.0ms | Allocations: 1506)


Started GET "/static_pages/about" for ::1 at 2022-05-26 14:25:16 -0400
Processing by StaticPagesController#about as HTML
  Rendering static_pages/about.html.erb
  Rendered static_pages/about.html.erb (Duration: 0.1ms | Allocations: 24)
Completed 200 OK in 1ms (Views: 0.7ms | Allocations: 331)


Started GET "/static_pages/about" for ::1 at 2022-05-26 14:25:18 -0400
Processing by StaticPagesController#about as HTML
  Rendering static_pages/about.html.erb
  Rendered static_pages/about.html.erb (Duration: 0.1ms | Allocations: 24)
Completed 200 OK in 2ms (Views: 1.1ms | Allocations: 313)


Started GET "/static_pages/help" for ::1 at 2022-05-26 14:25:27 -0400
Processing by StaticPagesController#help as HTML
  Rendering static_pages/help.html.erb
  Rendered static_pages/help.html.erb (Duration: 0.6ms | Allocations: 250)
Completed 200 OK in 2ms (Views: 1.1ms | Allocations: 608)


Started GET "/static_pages/about" for ::1 at 2022-05-26 14:25:34 -0400
Processing by StaticPagesController#about as HTML
  Rendering static_pages/about.html.erb
  Rendered static_pages/about.html.erb (Duration: 0.1ms | Allocations: 24)
Completed 200 OK in 1ms (Views: 0.6ms | Allocations: 313)


Started GET "/static_pages/" for ::1 at 2022-05-26 14:33:46 -0400
  
ActionController::RoutingError (No route matches [GET] "/static_pages"):
  
Started GET "/static_pages" for ::1 at 2022-05-26 14:33:50 -0400
  
ActionController::RoutingError (No route matches [GET] "/static_pages"):
  
Started GET "/static_pages/about" for ::1 at 2022-05-26 14:33:53 -0400
Processing by StaticPagesController#about as HTML
  Rendering layout layouts/application.html.erb
  Rendering static_pages/about.html.erb within layouts/application
  Rendered static_pages/about.html.erb within layouts/application (Duration: 0.6ms | Allocations: 240)
  Rendered layout layouts/application.html.erb (Duration: 4.0ms | Allocations: 1984)
Completed 200 OK in 7ms (Views: 6.3ms | Allocations: 3209)


Started GET "/static_pages/" for ::1 at 2022-05-26 14:33:59 -0400
  
ActionController::RoutingError (No route matches [GET] "/static_pages"):
  
  [1m[35m (0.5ms)[0m  [1m[34mSELECT sqlite_version(*)[0m
  [1m[36mActiveRecord::InternalMetadata Load (0.2ms)[0m  [1m[34mSELECT "ar_internal_metadata".* FROM "ar_internal_metadata" WHERE "ar_internal_metadata"."key" = ? LIMIT ?[0m  [["key", "environment"], ["LIMIT", 1]]
  [1m[35m (0.0ms)[0m  [1m[34mSELECT sqlite_version(*)[0m
  [1m[36mActiveRecord::SchemaMigration Pluck (0.0ms)[0m  [1m[34mSELECT "schema_migrations"."version" FROM "schema_migrations" ORDER BY "schema_migrations"."version" ASC[0m
Started GET "/static_pages/" for ::1 at 2022-05-26 14:34:12 -0400
  
ActionController::RoutingError (No route matches [GET] "/static_pages"):
  
Started GET "/static_pages/" for ::1 at 2022-05-26 14:34:13 -0400
  
ActionController::RoutingError (No route matches [GET] "/static_pages"):
  
Started GET "/static_pages/home" for ::1 at 2022-05-26 14:34:31 -0400
Processing by StaticPagesController#home as HTML
  Rendering layout layouts/application.html.erb
  Rendering static_pages/home.html.erb within layouts/application
  Rendered static_pages/home.html.erb within layouts/application (Duration: 0.8ms | Allocations: 228)
  Rendered layout layouts/application.html.erb (Duration: 3.1ms | Allocations: 1658)
Completed 200 OK in 5ms (Views: 4.7ms | Allocations: 2673)


Started GET "/static_pages/home" for ::1 at 2022-05-26 14:35:03 -0400
  [1m[35m (0.2ms)[0m  [1m[34mSELECT sqlite_version(*)[0m
  [1m[36mActiveRecord::SchemaMigration Pluck (0.0ms)[0m  [1m[34mSELECT "schema_migrations"."version" FROM "schema_migrations" ORDER BY "schema_migrations"."version" ASC[0m
Processing by StaticPagesController#home as HTML
  Rendering layout layouts/application.html.erb
  Rendering static_pages/home.html.erb within layouts/application
  Rendered static_pages/home.html.erb within layouts/application (Duration: 0.6ms | Allocations: 509)
  Rendered layout layouts/application.html.erb (Duration: 14.4ms | Allocations: 22039)
Completed 200 OK in 20ms (Views: 16.1ms | ActiveRecord: 0.0ms | Allocations: 28063)


Started GET "/static_pages/" for ::1 at 2022-05-26 14:35:12 -0400
  
ActionController::RoutingError (No route matches [GET] "/static_pages"):
  
Started GET "/static_pages/home" for ::1 at 2022-05-26 14:35:16 -0400
Processing by StaticPagesController#home as HTML
  Rendering layout layouts/application.html.erb
  Rendering static_pages/home.html.erb within layouts/application
  Rendered static_pages/home.html.erb within layouts/application (Duration: 0.1ms | Allocations: 22)
  Rendered layout layouts/application.html.erb (Duration: 2.3ms | Allocations: 1372)
Completed 200 OK in 3ms (Views: 2.9ms | ActiveRecord: 0.0ms | Allocations: 1676)


  [1m[35m (0.4ms)[0m  [1m[34mSELECT sqlite_version(*)[0m
  [1m[36mActiveRecord::SchemaMigration Pluck (0.0ms)[0m  [1m[34mSELECT "schema_migrations"."version" FROM "schema_migrations" ORDER BY "schema_migrations"."version" ASC[0m
Migrating to CreateActiveStorageTables (20220526190444)
  [1m[36mTRANSACTION (0.0ms)[0m  [1m[36mbegin transaction[0m
  [1m[35m (0.2ms)[0m  [1m[35mCREATE TABLE "active_storage_blobs" ("id" integer PRIMARY KEY AUTOINCREMENT NOT NULL, "key" varchar NOT NULL, "filename" varchar NOT NULL, "content_type" varchar, "metadata" text, "service_name" varchar NOT NULL, "byte_size" bigint NOT NULL, "checksum" varchar, "created_at" datetime(6) NOT NULL)[0m
  [1m[35m (0.0ms)[0m  [1m[35mCREATE UNIQUE INDEX "index_active_storage_blobs_on_key" ON "active_storage_blobs" ("key")[0m
  [1m[35m (0.0ms)[0m  [1m[35mCREATE TABLE "active_storage_attachments" ("id" integer PRIMARY KEY AUTOINCREMENT NOT NULL, "name" varchar NOT NULL, "record_type" varchar NOT NULL, "record_id" bigint NOT NULL, "blob_id" bigint NOT NULL, "created_at" datetime(6) NOT NULL, CONSTRAINT "fk_rails_c3b3935057"
FOREIGN KEY ("blob_id")
  REFERENCES "active_storage_blobs" ("id")
)[0m
  [1m[35m (0.0ms)[0m  [1m[35mCREATE INDEX "index_active_storage_attachments_on_blob_id" ON "active_storage_attachments" ("blob_id")[0m
  [1m[35m (0.0ms)[0m  [1m[35mCREATE UNIQUE INDEX "index_active_storage_attachments_uniqueness" ON "active_storage_attachments" ("record_type", "record_id", "name", "blob_id")[0m
  [1m[35m (0.0ms)[0m  [1m[35mCREATE TABLE "active_storage_variant_records" ("id" integer PRIMARY KEY AUTOINCREMENT NOT NULL, "blob_id" bigint NOT NULL, "variation_digest" varchar NOT NULL, CONSTRAINT "fk_rails_993965df05"
FOREIGN KEY ("blob_id")
  REFERENCES "active_storage_blobs" ("id")
)[0m
  [1m[35m (0.0ms)[0m  [1m[35mCREATE UNIQUE INDEX "index_active_storage_variant_records_uniqueness" ON "active_storage_variant_records" ("blob_id", "variation_digest")[0m
  [1m[36mActiveRecord::SchemaMigration Create (0.2ms)[0m  [1m[32mINSERT INTO "schema_migrations" ("version") VALUES (?)[0m  [["version", "20220526190444"]]
  [1m[36mTRANSACTION (0.5ms)[0m  [1m[36mcommit transaction[0m
Migrating to CreateActionTextTables (20220526190445)
  [1m[36mTRANSACTION (0.0ms)[0m  [1m[36mbegin transaction[0m
  [1m[35m (0.2ms)[0m  [1m[35mCREATE TABLE "action_text_rich_texts" ("id" integer PRIMARY KEY AUTOINCREMENT NOT NULL, "name" varchar NOT NULL, "body" text, "record_type" varchar NOT NULL, "record_id" bigint NOT NULL, "created_at" datetime(6) NOT NULL, "updated_at" datetime(6) NOT NULL)[0m
  [1m[35m (0.0ms)[0m  [1m[35mCREATE UNIQUE INDEX "index_action_text_rich_texts_uniqueness" ON "action_text_rich_texts" ("record_type", "record_id", "name")[0m
  [1m[36mActiveRecord::SchemaMigration Create (0.0ms)[0m  [1m[32mINSERT INTO "schema_migrations" ("version") VALUES (?)[0m  [["version", "20220526190445"]]
  [1m[36mTRANSACTION (0.3ms)[0m  [1m[36mcommit transaction[0m
  [1m[36mActiveRecord::InternalMetadata Load (0.1ms)[0m  [1m[34mSELECT "ar_internal_metadata".* FROM "ar_internal_metadata" WHERE "ar_internal_metadata"."key" = ? LIMIT ?[0m  [["key", "environment"], ["LIMIT", 1]]
  [1m[35m (0.0ms)[0m  [1m[34mSELECT sqlite_version(*)[0m
  [1m[36mActiveRecord::SchemaMigration Pluck (0.0ms)[0m  [1m[34mSELECT "schema_migrations"."version" FROM "schema_migrations" ORDER BY "schema_migrations"."version" ASC[0m
Started GET "/static_pages/home" for ::1 at 2022-05-26 18:34:37 -0400
  [1m[35m (0.6ms)[0m  [1m[34mSELECT sqlite_version(*)[0m
  [1m[36mActiveRecord::SchemaMigration Pluck (0.0ms)[0m  [1m[34mSELECT "schema_migrations"."version" FROM "schema_migrations" ORDER BY "schema_migrations"."version" ASC[0m
Processing by StaticPagesController#home as HTML
  Rendering layout layouts/application.html.erb
  Rendering static_pages/home.html.erb within layouts/application
  Rendered static_pages/home.html.erb within layouts/application (Duration: 0.7ms | Allocations: 509)
  Rendered layout layouts/application.html.erb (Duration: 41.3ms | Allocations: 35780)
Completed 200 OK in 47ms (Views: 43.1ms | ActiveRecord: 0.0ms | Allocations: 41802)


