Started GET "/" for 127.0.0.1 at 2022-05-26 10:13:48 -0400
  [1m[35m (1.0ms)[0m  [1m[34mSELECT sqlite_version(*)[0m
Processing by ApplicationController#hello as HTML
  Rendering html template
  Rendered html template (Duration: 0.0ms | Allocations: 19)
Completed 200 OK in 7ms (Views: 3.6ms | ActiveRecord: 0.0ms | Allocations: 5496)


Started GET "/" for ::1 at 2022-05-26 10:13:52 -0400
Processing by ApplicationController#hello as HTML
  Rendering html template
  Rendered html template (Duration: 0.0ms | Allocations: 6)
Completed 200 OK in 1ms (Views: 0.4ms | ActiveRecord: 0.0ms | Allocations: 248)


  [1m[35m (0.6ms)[0m  [1m[34mSELECT sqlite_version(*)[0m
  [1m[35m (0.4ms)[0m  [1m[35mCREATE TABLE "schema_migrations" ("version" varchar NOT NULL PRIMARY KEY)[0m
  [1m[35m (0.3ms)[0m  [1m[35mCREATE TABLE "ar_internal_metadata" ("key" varchar NOT NULL PRIMARY KEY, "value" varchar, "created_at" datetime(6) NOT NULL, "updated_at" datetime(6) NOT NULL)[0m
  [1m[36mActiveRecord::SchemaMigration Pluck (0.0ms)[0m  [1m[34mSELECT "schema_migrations"."version" FROM "schema_migrations" ORDER BY "schema_migrations"."version" ASC[0m
Migrating to CreateUsers (20220526143712)
  [1m[36mTRANSACTION (0.0ms)[0m  [1m[36mbegin transaction[0m
  [1m[35m (0.2ms)[0m  [1m[35mCREATE TABLE "users" ("id" integer PRIMARY KEY AUTOINCREMENT NOT NULL, "name" varchar, "email" varchar, "created_at" datetime(6) NOT NULL, "updated_at" datetime(6) NOT NULL)[0m
  [1m[36mActiveRecord::SchemaMigration Create (0.1ms)[0m  [1m[32mINSERT INTO "schema_migrations" ("version") VALUES (?)[0m  [["version", "20220526143712"]]
  [1m[36mTRANSACTION (3.7ms)[0m  [1m[36mcommit transaction[0m
  [1m[36mActiveRecord::InternalMetadata Load (0.0ms)[0m  [1m[34mSELECT "ar_internal_metadata".* FROM "ar_internal_metadata" WHERE "ar_internal_metadata"."key" = ? LIMIT ?[0m  [["key", "environment"], ["LIMIT", 1]]
  [1m[36mTRANSACTION (0.0ms)[0m  [1m[36mbegin transaction[0m
  [1m[36mActiveRecord::InternalMetadata Create (0.1ms)[0m  [1m[32mINSERT INTO "ar_internal_metadata" ("key", "value", "created_at", "updated_at") VALUES (?, ?, ?, ?)[0m  [["key", "environment"], ["value", "development"], ["created_at", "2022-05-26 14:37:34.069535"], ["updated_at", "2022-05-26 14:37:34.069535"]]
  [1m[36mTRANSACTION (0.2ms)[0m  [1m[36mcommit transaction[0m
  [1m[35m (0.0ms)[0m  [1m[34mSELECT sqlite_version(*)[0m
  [1m[36mActiveRecord::SchemaMigration Pluck (0.0ms)[0m  [1m[34mSELECT "schema_migrations"."version" FROM "schema_migrations" ORDER BY "schema_migrations"."version" ASC[0m
Started GET "/users" for 127.0.0.1 at 2022-05-26 10:38:38 -0400
  [1m[35m (0.0ms)[0m  [1m[34mSELECT sqlite_version(*)[0m
  [1m[36mActiveRecord::SchemaMigration Pluck (0.1ms)[0m  [1m[34mSELECT "schema_migrations"."version" FROM "schema_migrations" ORDER BY "schema_migrations"."version" ASC[0m
Processing by UsersController#index as HTML
  Rendering layout layouts/application.html.erb
  Rendering users/index.html.erb within layouts/application
  [1m[36mUser Load (0.1ms)[0m  [1m[34mSELECT "users".* FROM "users"[0m
  ↳ app/views/users/index.html.erb:6
  Rendered users/index.html.erb within layouts/application (Duration: 5.2ms | Allocations: 1886)
  Rendered layout layouts/application.html.erb (Duration: 517.7ms | Allocations: 71688)
Completed 200 OK in 531ms (Views: 519.7ms | ActiveRecord: 0.1ms | Allocations: 75404)


Started GET "/users/new" for 127.0.0.1 at 2022-05-26 10:39:29 -0400
Processing by UsersController#new as HTML
  Rendering layout layouts/application.html.erb
  Rendering users/new.html.erb within layouts/application
  Rendered users/_form.html.erb (Duration: 13.7ms | Allocations: 5467)
  Rendered users/new.html.erb within layouts/application (Duration: 15.0ms | Allocations: 5934)
  Rendered layout layouts/application.html.erb (Duration: 16.3ms | Allocations: 7058)
Completed 200 OK in 39ms (Views: 16.8ms | ActiveRecord: 0.9ms | Allocations: 19601)


Started POST "/users" for 127.0.0.1 at 2022-05-26 10:40:29 -0400
Processing by UsersController#create as HTML
  Parameters: {"authenticity_token"=>"[FILTERED]", "user"=>{"name"=>"Braden", "email"=>"bradenwrich@gmail.com"}, "commit"=>"Create User"}
  [1m[36mTRANSACTION (0.1ms)[0m  [1m[36mbegin transaction[0m
  ↳ app/controllers/users_controller.rb:27:in `block in create'
  [1m[36mUser Create (0.5ms)[0m  [1m[32mINSERT INTO "users" ("name", "email", "created_at", "updated_at") VALUES (?, ?, ?, ?)[0m  [["name", "Braden"], ["email", "bradenwrich@gmail.com"], ["created_at", "2022-05-26 14:40:29.879904"], ["updated_at", "2022-05-26 14:40:29.879904"]]
  ↳ app/controllers/users_controller.rb:27:in `block in create'
  [1m[36mTRANSACTION (0.7ms)[0m  [1m[36mcommit transaction[0m
  ↳ app/controllers/users_controller.rb:27:in `block in create'
Redirected to http://127.0.0.1:3000/users/1
Completed 302 Found in 6ms (ActiveRecord: 1.3ms | Allocations: 3677)


Started GET "/users/1" for 127.0.0.1 at 2022-05-26 10:40:29 -0400
Processing by UsersController#show as HTML
  Parameters: {"id"=>"1"}
  [1m[36mUser Load (0.3ms)[0m  [1m[34mSELECT "users".* FROM "users" WHERE "users"."id" = ? LIMIT ?[0m  [["id", 1], ["LIMIT", 1]]
  ↳ app/controllers/users_controller.rb:63:in `set_user'
  Rendering layout layouts/application.html.erb
  Rendering users/show.html.erb within layouts/application
  Rendered users/_user.html.erb (Duration: 0.6ms | Allocations: 341)
  Rendered users/show.html.erb within layouts/application (Duration: 3.7ms | Allocations: 1887)
  Rendered layout layouts/application.html.erb (Duration: 5.1ms | Allocations: 2988)
Completed 200 OK in 9ms (Views: 5.4ms | ActiveRecord: 0.3ms | Allocations: 5890)


Started DELETE "/users/1" for 127.0.0.1 at 2022-05-26 10:40:33 -0400
Processing by UsersController#destroy as HTML
  Parameters: {"authenticity_token"=>"[FILTERED]", "id"=>"1"}
  [1m[36mUser Load (0.1ms)[0m  [1m[34mSELECT "users".* FROM "users" WHERE "users"."id" = ? LIMIT ?[0m  [["id", 1], ["LIMIT", 1]]
  ↳ app/controllers/users_controller.rb:63:in `set_user'
  [1m[36mTRANSACTION (0.1ms)[0m  [1m[36mbegin transaction[0m
  ↳ app/controllers/users_controller.rb:52:in `destroy'
  [1m[36mUser Destroy (0.6ms)[0m  [1m[31mDELETE FROM "users" WHERE "users"."id" = ?[0m  [["id", 1]]
  ↳ app/controllers/users_controller.rb:52:in `destroy'
  [1m[36mTRANSACTION (2.4ms)[0m  [1m[36mcommit transaction[0m
  ↳ app/controllers/users_controller.rb:52:in `destroy'
Redirected to http://127.0.0.1:3000/users
Completed 302 Found in 9ms (ActiveRecord: 3.2ms | Allocations: 2631)


Started GET "/users" for 127.0.0.1 at 2022-05-26 10:40:33 -0400
Processing by UsersController#index as HTML
  Rendering layout layouts/application.html.erb
  Rendering users/index.html.erb within layouts/application
  [1m[36mUser Load (0.2ms)[0m  [1m[34mSELECT "users".* FROM "users"[0m
  ↳ app/views/users/index.html.erb:6
  Rendered users/index.html.erb within layouts/application (Duration: 1.9ms | Allocations: 809)
  Rendered layout layouts/application.html.erb (Duration: 4.3ms | Allocations: 1819)
Completed 200 OK in 5ms (Views: 4.8ms | ActiveRecord: 0.2ms | Allocations: 2117)


Started GET "/users/new" for 127.0.0.1 at 2022-05-26 10:40:34 -0400
Processing by UsersController#new as HTML
  Rendering layout layouts/application.html.erb
  Rendering users/new.html.erb within layouts/application
  Rendered users/_form.html.erb (Duration: 1.9ms | Allocations: 1060)
  Rendered users/new.html.erb within layouts/application (Duration: 2.2ms | Allocations: 1171)
  Rendered layout layouts/application.html.erb (Duration: 4.0ms | Allocations: 2180)
Completed 200 OK in 5ms (Views: 4.5ms | ActiveRecord: 0.0ms | Allocations: 2462)


Started POST "/users" for 127.0.0.1 at 2022-05-26 10:40:39 -0400
Processing by UsersController#create as HTML
  Parameters: {"authenticity_token"=>"[FILTERED]", "user"=>{"name"=>"Braden", "email"=>"brad"}, "commit"=>"Create User"}
  [1m[36mTRANSACTION (0.1ms)[0m  [1m[36mbegin transaction[0m
  ↳ app/controllers/users_controller.rb:27:in `block in create'
  [1m[36mUser Create (0.7ms)[0m  [1m[32mINSERT INTO "users" ("name", "email", "created_at", "updated_at") VALUES (?, ?, ?, ?)[0m  [["name", "Braden"], ["email", "brad"], ["created_at", "2022-05-26 14:40:39.153834"], ["updated_at", "2022-05-26 14:40:39.153834"]]
  ↳ app/controllers/users_controller.rb:27:in `block in create'
  [1m[36mTRANSACTION (0.9ms)[0m  [1m[36mcommit transaction[0m
  ↳ app/controllers/users_controller.rb:27:in `block in create'
Redirected to http://127.0.0.1:3000/users/2
Completed 302 Found in 8ms (ActiveRecord: 1.7ms | Allocations: 2252)


Started GET "/users/2" for 127.0.0.1 at 2022-05-26 10:40:39 -0400
Processing by UsersController#show as HTML
  Parameters: {"id"=>"2"}
  [1m[36mUser Load (0.2ms)[0m  [1m[34mSELECT "users".* FROM "users" WHERE "users"."id" = ? LIMIT ?[0m  [["id", 2], ["LIMIT", 1]]
  ↳ app/controllers/users_controller.rb:63:in `set_user'
  Rendering layout layouts/application.html.erb
  Rendering users/show.html.erb within layouts/application
  Rendered users/_user.html.erb (Duration: 0.1ms | Allocations: 26)
  Rendered users/show.html.erb within layouts/application (Duration: 1.3ms | Allocations: 588)
  Rendered layout layouts/application.html.erb (Duration: 3.1ms | Allocations: 1589)
Completed 200 OK in 5ms (Views: 3.6ms | ActiveRecord: 0.2ms | Allocations: 2335)


Started GET "/users/2/edit" for 127.0.0.1 at 2022-05-26 10:40:41 -0400
Processing by UsersController#edit as HTML
  Parameters: {"id"=>"2"}
  [1m[36mUser Load (0.2ms)[0m  [1m[34mSELECT "users".* FROM "users" WHERE "users"."id" = ? LIMIT ?[0m  [["id", 2], ["LIMIT", 1]]
  ↳ app/controllers/users_controller.rb:63:in `set_user'
  Rendering layout layouts/application.html.erb
  Rendering users/edit.html.erb within layouts/application
  Rendered users/_form.html.erb (Duration: 2.5ms | Allocations: 1086)
  Rendered users/edit.html.erb within layouts/application (Duration: 4.0ms | Allocations: 1494)
  Rendered layout layouts/application.html.erb (Duration: 6.0ms | Allocations: 2495)
Completed 200 OK in 8ms (Views: 6.5ms | ActiveRecord: 0.2ms | Allocations: 3297)


Started PATCH "/users/2" for 127.0.0.1 at 2022-05-26 10:40:46 -0400
Processing by UsersController#update as HTML
  Parameters: {"authenticity_token"=>"[FILTERED]", "user"=>{"name"=>"Braden", "email"=>"bradenwrich@gmail.com"}, "commit"=>"Update User", "id"=>"2"}
  [1m[36mUser Load (0.1ms)[0m  [1m[34mSELECT "users".* FROM "users" WHERE "users"."id" = ? LIMIT ?[0m  [["id", 2], ["LIMIT", 1]]
  ↳ app/controllers/users_controller.rb:63:in `set_user'
  [1m[36mTRANSACTION (0.1ms)[0m  [1m[36mbegin transaction[0m
  ↳ app/controllers/users_controller.rb:40:in `block in update'
  [1m[36mUser Update (0.6ms)[0m  [1m[33mUPDATE "users" SET "email" = ?, "updated_at" = ? WHERE "users"."id" = ?[0m  [["email", "bradenwrich@gmail.com"], ["updated_at", "2022-05-26 14:40:46.385525"], ["id", 2]]
  ↳ app/controllers/users_controller.rb:40:in `block in update'
  [1m[36mTRANSACTION (1.3ms)[0m  [1m[36mcommit transaction[0m
  ↳ app/controllers/users_controller.rb:40:in `block in update'
Redirected to http://127.0.0.1:3000/users/2
Completed 302 Found in 9ms (ActiveRecord: 2.2ms | Allocations: 2893)


Started GET "/users/2" for 127.0.0.1 at 2022-05-26 10:40:46 -0400
Processing by UsersController#show as HTML
  Parameters: {"id"=>"2"}
  [1m[36mUser Load (0.1ms)[0m  [1m[34mSELECT "users".* FROM "users" WHERE "users"."id" = ? LIMIT ?[0m  [["id", 2], ["LIMIT", 1]]
  ↳ app/controllers/users_controller.rb:63:in `set_user'
  Rendering layout layouts/application.html.erb
  Rendering users/show.html.erb within layouts/application
  Rendered users/_user.html.erb (Duration: 0.1ms | Allocations: 26)
  Rendered users/show.html.erb within layouts/application (Duration: 1.2ms | Allocations: 627)
  Rendered layout layouts/application.html.erb (Duration: 2.9ms | Allocations: 1628)
Completed 200 OK in 5ms (Views: 3.5ms | ActiveRecord: 0.1ms | Allocations: 2374)


Started GET "/users" for 127.0.0.1 at 2022-05-26 10:40:48 -0400
Processing by UsersController#index as HTML
  Rendering layout layouts/application.html.erb
  Rendering users/index.html.erb within layouts/application
  [1m[36mUser Load (0.2ms)[0m  [1m[34mSELECT "users".* FROM "users"[0m
  ↳ app/views/users/index.html.erb:6
  Rendered users/_user.html.erb (Duration: 0.1ms | Allocations: 26)
  Rendered users/index.html.erb within layouts/application (Duration: 2.7ms | Allocations: 915)
  Rendered layout layouts/application.html.erb (Duration: 5.3ms | Allocations: 1924)
Completed 200 OK in 6ms (Views: 5.6ms | ActiveRecord: 0.2ms | Allocations: 2193)


Started GET "/users/new" for 127.0.0.1 at 2022-05-26 10:40:52 -0400
Processing by UsersController#new as HTML
  Rendering layout layouts/application.html.erb
  Rendering users/new.html.erb within layouts/application
  Rendered users/_form.html.erb (Duration: 2.2ms | Allocations: 994)
  Rendered users/new.html.erb within layouts/application (Duration: 2.6ms | Allocations: 1102)
  Rendered layout layouts/application.html.erb (Duration: 4.5ms | Allocations: 2111)
Completed 200 OK in 5ms (Views: 5.0ms | ActiveRecord: 0.0ms | Allocations: 2382)


Started POST "/users" for 127.0.0.1 at 2022-05-26 10:40:57 -0400
Processing by UsersController#create as HTML
  Parameters: {"authenticity_token"=>"[FILTERED]", "user"=>{"name"=>"Trevor", "email"=>"Trevor"}, "commit"=>"Create User"}
  [1m[36mTRANSACTION (0.1ms)[0m  [1m[36mbegin transaction[0m
  ↳ app/controllers/users_controller.rb:27:in `block in create'
  [1m[36mUser Create (0.7ms)[0m  [1m[32mINSERT INTO "users" ("name", "email", "created_at", "updated_at") VALUES (?, ?, ?, ?)[0m  [["name", "Trevor"], ["email", "Trevor"], ["created_at", "2022-05-26 14:40:57.484520"], ["updated_at", "2022-05-26 14:40:57.484520"]]
  ↳ app/controllers/users_controller.rb:27:in `block in create'
  [1m[36mTRANSACTION (1.6ms)[0m  [1m[36mcommit transaction[0m
  ↳ app/controllers/users_controller.rb:27:in `block in create'
Redirected to http://127.0.0.1:3000/users/3
Completed 302 Found in 9ms (ActiveRecord: 2.4ms | Allocations: 2198)


Started GET "/users/3" for 127.0.0.1 at 2022-05-26 10:40:57 -0400
Processing by UsersController#show as HTML
  Parameters: {"id"=>"3"}
  [1m[36mUser Load (0.2ms)[0m  [1m[34mSELECT "users".* FROM "users" WHERE "users"."id" = ? LIMIT ?[0m  [["id", 3], ["LIMIT", 1]]
  ↳ app/controllers/users_controller.rb:63:in `set_user'
  Rendering layout layouts/application.html.erb
  Rendering users/show.html.erb within layouts/application
  Rendered users/_user.html.erb (Duration: 0.1ms | Allocations: 26)
  Rendered users/show.html.erb within layouts/application (Duration: 1.1ms | Allocations: 585)
  Rendered layout layouts/application.html.erb (Duration: 2.8ms | Allocations: 1586)
Completed 200 OK in 5ms (Views: 3.3ms | ActiveRecord: 0.2ms | Allocations: 2332)


Started GET "/users" for 127.0.0.1 at 2022-05-26 10:40:59 -0400
Processing by UsersController#index as HTML
  Rendering layout layouts/application.html.erb
  Rendering users/index.html.erb within layouts/application
  [1m[36mUser Load (0.2ms)[0m  [1m[34mSELECT "users".* FROM "users"[0m
  ↳ app/views/users/index.html.erb:6
  Rendered users/_user.html.erb (Duration: 0.1ms | Allocations: 26)
  Rendered users/_user.html.erb (Duration: 0.1ms | Allocations: 25)
  Rendered users/index.html.erb within layouts/application (Duration: 3.2ms | Allocations: 1098)
  Rendered layout layouts/application.html.erb (Duration: 5.7ms | Allocations: 2107)
Completed 200 OK in 7ms (Views: 6.1ms | ActiveRecord: 0.2ms | Allocations: 2376)


Started GET "/users/2" for 127.0.0.1 at 2022-05-26 10:59:19 -0400
Processing by UsersController#show as HTML
  Parameters: {"id"=>"2"}
  [1m[35m (0.2ms)[0m  [1m[34mSELECT sqlite_version(*)[0m
  ↳ app/controllers/users_controller.rb:63:in `set_user'
  [1m[36mUser Load (0.8ms)[0m  [1m[34mSELECT "users".* FROM "users" WHERE "users"."id" = ? LIMIT ?[0m  [["id", 2], ["LIMIT", 1]]
  ↳ app/controllers/users_controller.rb:63:in `set_user'
  Rendering layout layouts/application.html.erb
  Rendering users/show.html.erb within layouts/application
  Rendered users/_user.html.erb (Duration: 0.3ms | Allocations: 26)
  Rendered users/show.html.erb within layouts/application (Duration: 3.1ms | Allocations: 588)
  Rendered layout layouts/application.html.erb (Duration: 7.0ms | Allocations: 1589)
Completed 200 OK in 19ms (Views: 8.1ms | ActiveRecord: 1.7ms | Allocations: 2911)


Started DELETE "/users/2" for 127.0.0.1 at 2022-05-26 10:59:20 -0400
Processing by UsersController#destroy as HTML
  Parameters: {"authenticity_token"=>"[FILTERED]", "id"=>"2"}
  [1m[36mUser Load (0.1ms)[0m  [1m[34mSELECT "users".* FROM "users" WHERE "users"."id" = ? LIMIT ?[0m  [["id", 2], ["LIMIT", 1]]
  ↳ app/controllers/users_controller.rb:63:in `set_user'
  [1m[36mTRANSACTION (0.1ms)[0m  [1m[36mbegin transaction[0m
  ↳ app/controllers/users_controller.rb:52:in `destroy'
  [1m[36mUser Destroy (0.5ms)[0m  [1m[31mDELETE FROM "users" WHERE "users"."id" = ?[0m  [["id", 2]]
  ↳ app/controllers/users_controller.rb:52:in `destroy'
  [1m[36mTRANSACTION (1.2ms)[0m  [1m[36mcommit transaction[0m
  ↳ app/controllers/users_controller.rb:52:in `destroy'
Redirected to http://127.0.0.1:3000/users
Completed 302 Found in 9ms (ActiveRecord: 1.9ms | Allocations: 2362)


Started GET "/users" for 127.0.0.1 at 2022-05-26 10:59:20 -0400
Processing by UsersController#index as HTML
  Rendering layout layouts/application.html.erb
  Rendering users/index.html.erb within layouts/application
  [1m[36mUser Load (0.2ms)[0m  [1m[34mSELECT "users".* FROM "users"[0m
  ↳ app/views/users/index.html.erb:6
  Rendered users/_user.html.erb (Duration: 0.1ms | Allocations: 26)
  Rendered users/index.html.erb within layouts/application (Duration: 2.5ms | Allocations: 989)
  Rendered layout layouts/application.html.erb (Duration: 4.3ms | Allocations: 1998)
Completed 200 OK in 5ms (Views: 4.6ms | ActiveRecord: 0.2ms | Allocations: 2267)


Started GET "/users/3" for 127.0.0.1 at 2022-05-26 10:59:22 -0400
Processing by UsersController#show as HTML
  Parameters: {"id"=>"3"}
  [1m[36mUser Load (0.2ms)[0m  [1m[34mSELECT "users".* FROM "users" WHERE "users"."id" = ? LIMIT ?[0m  [["id", 3], ["LIMIT", 1]]
  ↳ app/controllers/users_controller.rb:63:in `set_user'
  Rendering layout layouts/application.html.erb
  Rendering users/show.html.erb within layouts/application
  Rendered users/_user.html.erb (Duration: 0.1ms | Allocations: 26)
  Rendered users/show.html.erb within layouts/application (Duration: 1.5ms | Allocations: 579)
  Rendered layout layouts/application.html.erb (Duration: 3.9ms | Allocations: 1580)
Completed 200 OK in 7ms (Views: 4.5ms | ActiveRecord: 0.2ms | Allocations: 2334)


Started DELETE "/users/3" for 127.0.0.1 at 2022-05-26 10:59:23 -0400
Processing by UsersController#destroy as HTML
  Parameters: {"authenticity_token"=>"[FILTERED]", "id"=>"3"}
  [1m[36mUser Load (0.1ms)[0m  [1m[34mSELECT "users".* FROM "users" WHERE "users"."id" = ? LIMIT ?[0m  [["id", 3], ["LIMIT", 1]]
  ↳ app/controllers/users_controller.rb:63:in `set_user'
  [1m[36mTRANSACTION (0.1ms)[0m  [1m[36mbegin transaction[0m
  ↳ app/controllers/users_controller.rb:52:in `destroy'
  [1m[36mUser Destroy (0.6ms)[0m  [1m[31mDELETE FROM "users" WHERE "users"."id" = ?[0m  [["id", 3]]
  ↳ app/controllers/users_controller.rb:52:in `destroy'
  [1m[36mTRANSACTION (1.0ms)[0m  [1m[36mcommit transaction[0m
  ↳ app/controllers/users_controller.rb:52:in `destroy'
Redirected to http://127.0.0.1:3000/users
Completed 302 Found in 7ms (ActiveRecord: 1.8ms | Allocations: 2371)


Started GET "/users" for 127.0.0.1 at 2022-05-26 10:59:23 -0400
Processing by UsersController#index as HTML
  Rendering layout layouts/application.html.erb
  Rendering users/index.html.erb within layouts/application
  [1m[36mUser Load (0.1ms)[0m  [1m[34mSELECT "users".* FROM "users"[0m
  ↳ app/views/users/index.html.erb:6
  Rendered users/index.html.erb within layouts/application (Duration: 1.6ms | Allocations: 778)
  Rendered layout layouts/application.html.erb (Duration: 3.5ms | Allocations: 1787)
Completed 200 OK in 5ms (Views: 3.9ms | ActiveRecord: 0.1ms | Allocations: 2056)


Started GET "/users/new" for 127.0.0.1 at 2022-05-26 11:00:30 -0400
Processing by UsersController#new as HTML
  Rendering layout layouts/application.html.erb
  Rendering users/new.html.erb within layouts/application
  Rendered users/_form.html.erb (Duration: 3.3ms | Allocations: 1006)
  Rendered users/new.html.erb within layouts/application (Duration: 3.8ms | Allocations: 1114)
  Rendered layout layouts/application.html.erb (Duration: 6.8ms | Allocations: 2123)
Completed 200 OK in 8ms (Views: 7.6ms | ActiveRecord: 0.0ms | Allocations: 2394)


Started GET "/users" for 127.0.0.1 at 2022-05-26 11:00:32 -0400
Processing by UsersController#index as HTML
  Rendering layout layouts/application.html.erb
  Rendering users/index.html.erb within layouts/application
  [1m[36mUser Load (0.1ms)[0m  [1m[34mSELECT "users".* FROM "users"[0m
  ↳ app/views/users/index.html.erb:6
  Rendered users/index.html.erb within layouts/application (Duration: 1.7ms | Allocations: 754)
  Rendered layout layouts/application.html.erb (Duration: 4.4ms | Allocations: 1763)
Completed 200 OK in 5ms (Views: 4.8ms | ActiveRecord: 0.1ms | Allocations: 2032)


Started GET "/users/new" for 127.0.0.1 at 2022-05-26 11:00:51 -0400
Processing by UsersController#new as HTML
  Rendering layout layouts/application.html.erb
  Rendering users/new.html.erb within layouts/application
  Rendered users/_form.html.erb (Duration: 2.1ms | Allocations: 997)
  Rendered users/new.html.erb within layouts/application (Duration: 2.5ms | Allocations: 1105)
  Rendered layout layouts/application.html.erb (Duration: 4.6ms | Allocations: 2114)
Completed 200 OK in 6ms (Views: 5.4ms | ActiveRecord: 0.0ms | Allocations: 2385)


Started GET "/users/new" for 127.0.0.1 at 2022-05-26 11:01:48 -0400
Processing by UsersController#new as HTML
  Rendering layout layouts/application.html.erb
  Rendering users/new.html.erb within layouts/application
  Rendered users/_form.html.erb (Duration: 2.4ms | Allocations: 988)
  Rendered users/new.html.erb within layouts/application (Duration: 2.7ms | Allocations: 1096)
  Rendered layout layouts/application.html.erb (Duration: 5.4ms | Allocations: 2105)
Completed 200 OK in 7ms (Views: 6.0ms | ActiveRecord: 0.0ms | Allocations: 2376)


Started POST "/users" for 127.0.0.1 at 2022-05-26 11:01:58 -0400
Processing by UsersController#create as HTML
  Parameters: {"authenticity_token"=>"[FILTERED]", "user"=>{"name"=>"Braden", "email"=>"bradenwrich@gmail.com"}, "commit"=>"Create User"}
  [1m[36mTRANSACTION (0.1ms)[0m  [1m[36mbegin transaction[0m
  ↳ app/controllers/users_controller.rb:27:in `block in create'
  [1m[36mUser Create (1.0ms)[0m  [1m[32mINSERT INTO "users" ("name", "email", "created_at", "updated_at") VALUES (?, ?, ?, ?)[0m  [["name", "Braden"], ["email", "bradenwrich@gmail.com"], ["created_at", "2022-05-26 15:01:58.088979"], ["updated_at", "2022-05-26 15:01:58.088979"]]
  ↳ app/controllers/users_controller.rb:27:in `block in create'
  [1m[36mTRANSACTION (1.1ms)[0m  [1m[36mcommit transaction[0m
  ↳ app/controllers/users_controller.rb:27:in `block in create'
Redirected to http://127.0.0.1:3000/users/4
Completed 302 Found in 8ms (ActiveRecord: 2.2ms | Allocations: 2201)


Started GET "/users/4" for 127.0.0.1 at 2022-05-26 11:01:58 -0400
Processing by UsersController#show as HTML
  Parameters: {"id"=>"4"}
  [1m[36mUser Load (0.1ms)[0m  [1m[34mSELECT "users".* FROM "users" WHERE "users"."id" = ? LIMIT ?[0m  [["id", 4], ["LIMIT", 1]]
  ↳ app/controllers/users_controller.rb:63:in `set_user'
  Rendering layout layouts/application.html.erb
  Rendering users/show.html.erb within layouts/application
  Rendered users/_user.html.erb (Duration: 0.1ms | Allocations: 26)
  Rendered users/show.html.erb within layouts/application (Duration: 0.8ms | Allocations: 606)
  Rendered layout layouts/application.html.erb (Duration: 2.0ms | Allocations: 1607)
Completed 200 OK in 4ms (Views: 2.4ms | ActiveRecord: 0.1ms | Allocations: 2353)


Started GET "/users/4" for 127.0.0.1 at 2022-05-26 11:02:24 -0400
Processing by UsersController#show as HTML
  Parameters: {"id"=>"4"}
  [1m[36mUser Load (0.3ms)[0m  [1m[34mSELECT "users".* FROM "users" WHERE "users"."id" = ? LIMIT ?[0m  [["id", 4], ["LIMIT", 1]]
  ↳ app/controllers/users_controller.rb:63:in `set_user'
  Rendering layout layouts/application.html.erb
  Rendering users/show.html.erb within layouts/application
  Rendered users/_user.html.erb (Duration: 0.1ms | Allocations: 26)
  Rendered users/show.html.erb within layouts/application (Duration: 1.7ms | Allocations: 573)
  Rendered layout layouts/application.html.erb (Duration: 4.5ms | Allocations: 1574)
Completed 200 OK in 8ms (Views: 5.3ms | ActiveRecord: 0.3ms | Allocations: 2320)


Started DELETE "/users/4" for 127.0.0.1 at 2022-05-26 11:02:45 -0400
Processing by UsersController#destroy as HTML
  Parameters: {"authenticity_token"=>"[FILTERED]", "id"=>"4"}
  [1m[36mUser Load (0.2ms)[0m  [1m[34mSELECT "users".* FROM "users" WHERE "users"."id" = ? LIMIT ?[0m  [["id", 4], ["LIMIT", 1]]
  ↳ app/controllers/users_controller.rb:63:in `set_user'
  [1m[36mTRANSACTION (0.1ms)[0m  [1m[36mbegin transaction[0m
  ↳ app/controllers/users_controller.rb:52:in `destroy'
  [1m[36mUser Destroy (0.6ms)[0m  [1m[31mDELETE FROM "users" WHERE "users"."id" = ?[0m  [["id", 4]]
  ↳ app/controllers/users_controller.rb:52:in `destroy'
  [1m[36mTRANSACTION (1.2ms)[0m  [1m[36mcommit transaction[0m
  ↳ app/controllers/users_controller.rb:52:in `destroy'
Redirected to http://127.0.0.1:3000/users
Completed 302 Found in 8ms (ActiveRecord: 2.0ms | Allocations: 2368)


Started GET "/users" for 127.0.0.1 at 2022-05-26 11:02:45 -0400
Processing by UsersController#index as HTML
  Rendering layout layouts/application.html.erb
  Rendering users/index.html.erb within layouts/application
  [1m[36mUser Load (0.3ms)[0m  [1m[34mSELECT "users".* FROM "users"[0m
  ↳ app/views/users/index.html.erb:6
  Rendered users/index.html.erb within layouts/application (Duration: 2.2ms | Allocations: 784)
  Rendered layout layouts/application.html.erb (Duration: 4.5ms | Allocations: 1793)
Completed 200 OK in 6ms (Views: 4.8ms | ActiveRecord: 0.3ms | Allocations: 2062)


Started GET "/users/new" for 127.0.0.1 at 2022-05-26 11:02:46 -0400
Processing by UsersController#new as HTML
  Rendering layout layouts/application.html.erb
  Rendering users/new.html.erb within layouts/application
  Rendered users/_form.html.erb (Duration: 2.0ms | Allocations: 976)
  Rendered users/new.html.erb within layouts/application (Duration: 2.3ms | Allocations: 1084)
  Rendered layout layouts/application.html.erb (Duration: 4.1ms | Allocations: 2093)
Completed 200 OK in 5ms (Views: 4.6ms | ActiveRecord: 0.0ms | Allocations: 2364)


Started POST "/users" for 127.0.0.1 at 2022-05-26 11:02:56 -0400
Processing by UsersController#create as HTML
  Parameters: {"authenticity_token"=>"[FILTERED]", "user"=>{"name"=>"Braden", "email"=>""}, "commit"=>"Create User"}
  [1m[36mTRANSACTION (0.1ms)[0m  [1m[36mbegin transaction[0m
  ↳ app/controllers/users_controller.rb:27:in `block in create'
  [1m[36mUser Create (0.5ms)[0m  [1m[32mINSERT INTO "users" ("name", "email", "created_at", "updated_at") VALUES (?, ?, ?, ?)[0m  [["name", "Braden"], ["email", ""], ["created_at", "2022-05-26 15:02:56.364476"], ["updated_at", "2022-05-26 15:02:56.364476"]]
  ↳ app/controllers/users_controller.rb:27:in `block in create'
  [1m[36mTRANSACTION (0.8ms)[0m  [1m[36mcommit transaction[0m
  ↳ app/controllers/users_controller.rb:27:in `block in create'
Redirected to http://127.0.0.1:3000/users/5
Completed 302 Found in 6ms (ActiveRecord: 1.3ms | Allocations: 2189)


Started GET "/users/5" for 127.0.0.1 at 2022-05-26 11:02:56 -0400
Processing by UsersController#show as HTML
  Parameters: {"id"=>"5"}
  [1m[36mUser Load (0.2ms)[0m  [1m[34mSELECT "users".* FROM "users" WHERE "users"."id" = ? LIMIT ?[0m  [["id", 5], ["LIMIT", 1]]
  ↳ app/controllers/users_controller.rb:63:in `set_user'
  Rendering layout layouts/application.html.erb
  Rendering users/show.html.erb within layouts/application
  Rendered users/_user.html.erb (Duration: 0.1ms | Allocations: 26)
  Rendered users/show.html.erb within layouts/application (Duration: 1.3ms | Allocations: 609)
  Rendered layout layouts/application.html.erb (Duration: 3.1ms | Allocations: 1610)
Completed 200 OK in 6ms (Views: 3.8ms | ActiveRecord: 0.2ms | Allocations: 2356)


Started DELETE "/users/5" for 127.0.0.1 at 2022-05-26 11:03:14 -0400
Processing by UsersController#destroy as HTML
  Parameters: {"authenticity_token"=>"[FILTERED]", "id"=>"5"}
  [1m[36mUser Load (0.1ms)[0m  [1m[34mSELECT "users".* FROM "users" WHERE "users"."id" = ? LIMIT ?[0m  [["id", 5], ["LIMIT", 1]]
  ↳ app/controllers/users_controller.rb:63:in `set_user'
  [1m[36mTRANSACTION (0.1ms)[0m  [1m[36mbegin transaction[0m
  ↳ app/controllers/users_controller.rb:52:in `destroy'
  [1m[36mUser Destroy (0.6ms)[0m  [1m[31mDELETE FROM "users" WHERE "users"."id" = ?[0m  [["id", 5]]
  ↳ app/controllers/users_controller.rb:52:in `destroy'
  [1m[36mTRANSACTION (0.9ms)[0m  [1m[36mcommit transaction[0m
  ↳ app/controllers/users_controller.rb:52:in `destroy'
Redirected to http://127.0.0.1:3000/users
Completed 302 Found in 8ms (ActiveRecord: 1.7ms | Allocations: 2368)


Started GET "/users" for 127.0.0.1 at 2022-05-26 11:03:14 -0400
Processing by UsersController#index as HTML
  Rendering layout layouts/application.html.erb
  Rendering users/index.html.erb within layouts/application
  [1m[36mUser Load (0.2ms)[0m  [1m[34mSELECT "users".* FROM "users"[0m
  ↳ app/views/users/index.html.erb:6
  Rendered users/index.html.erb within layouts/application (Duration: 1.9ms | Allocations: 775)
  Rendered layout layouts/application.html.erb (Duration: 3.9ms | Allocations: 1784)
Completed 200 OK in 5ms (Views: 4.3ms | ActiveRecord: 0.2ms | Allocations: 2053)


Started GET "/users/new" for 127.0.0.1 at 2022-05-26 11:19:08 -0400
Processing by UsersController#new as HTML
  [1m[35m (0.0ms)[0m  [1m[34mSELECT sqlite_version(*)[0m
  ↳ app/controllers/users_controller.rb:15:in `new'
  Rendering layout layouts/application.html.erb
  Rendering users/new.html.erb within layouts/application
  Rendered users/_form.html.erb (Duration: 2.1ms | Allocations: 1853)
  Rendered users/new.html.erb within layouts/application (Duration: 2.9ms | Allocations: 2295)
  Rendered layout layouts/application.html.erb (Duration: 4.6ms | Allocations: 3755)
Completed 200 OK in 9ms (Views: 5.5ms | ActiveRecord: 0.2ms | Allocations: 7381)


Started POST "/users" for 127.0.0.1 at 2022-05-26 11:19:09 -0400
Processing by UsersController#create as HTML
  Parameters: {"authenticity_token"=>"[FILTERED]", "user"=>{"name"=>"", "email"=>""}, "commit"=>"Create User"}
  [1m[36mTRANSACTION (0.2ms)[0m  [1m[36mbegin transaction[0m
  ↳ app/controllers/users_controller.rb:27:in `block in create'
  [1m[36mUser Create (1.8ms)[0m  [1m[32mINSERT INTO "users" ("name", "email", "created_at", "updated_at") VALUES (?, ?, ?, ?)[0m  [["name", ""], ["email", ""], ["created_at", "2022-05-26 15:19:09.520714"], ["updated_at", "2022-05-26 15:19:09.520714"]]
  ↳ app/controllers/users_controller.rb:27:in `block in create'
  [1m[36mTRANSACTION (1.4ms)[0m  [1m[36mcommit transaction[0m
  ↳ app/controllers/users_controller.rb:27:in `block in create'
Redirected to http://127.0.0.1:3000/users/6
Completed 302 Found in 13ms (ActiveRecord: 3.4ms | Allocations: 2484)


Started GET "/users/6" for 127.0.0.1 at 2022-05-26 11:19:09 -0400
Processing by UsersController#show as HTML
  Parameters: {"id"=>"6"}
  [1m[36mUser Load (0.2ms)[0m  [1m[34mSELECT "users".* FROM "users" WHERE "users"."id" = ? LIMIT ?[0m  [["id", 6], ["LIMIT", 1]]
  ↳ app/controllers/users_controller.rb:63:in `set_user'
  Rendering layout layouts/application.html.erb
  Rendering users/show.html.erb within layouts/application
  Rendered users/_user.html.erb (Duration: 0.9ms | Allocations: 288)
  Rendered users/show.html.erb within layouts/application (Duration: 3.7ms | Allocations: 1344)
  Rendered layout layouts/application.html.erb (Duration: 5.7ms | Allocations: 2345)
Completed 200 OK in 9ms (Views: 6.1ms | ActiveRecord: 0.2ms | Allocations: 3919)


Started DELETE "/users/6" for 127.0.0.1 at 2022-05-26 11:19:13 -0400
Processing by UsersController#destroy as HTML
  Parameters: {"authenticity_token"=>"[FILTERED]", "id"=>"6"}
  [1m[36mUser Load (0.2ms)[0m  [1m[34mSELECT "users".* FROM "users" WHERE "users"."id" = ? LIMIT ?[0m  [["id", 6], ["LIMIT", 1]]
  ↳ app/controllers/users_controller.rb:63:in `set_user'
  [1m[36mTRANSACTION (0.1ms)[0m  [1m[36mbegin transaction[0m
  ↳ app/controllers/users_controller.rb:52:in `destroy'
  [1m[36mUser Destroy (0.6ms)[0m  [1m[31mDELETE FROM "users" WHERE "users"."id" = ?[0m  [["id", 6]]
  ↳ app/controllers/users_controller.rb:52:in `destroy'
  [1m[36mTRANSACTION (1.1ms)[0m  [1m[36mcommit transaction[0m
  ↳ app/controllers/users_controller.rb:52:in `destroy'
Redirected to http://127.0.0.1:3000/users
Completed 302 Found in 9ms (ActiveRecord: 1.9ms | Allocations: 2414)


Started GET "/users" for 127.0.0.1 at 2022-05-26 11:19:13 -0400
Processing by UsersController#index as HTML
  Rendering layout layouts/application.html.erb
  Rendering users/index.html.erb within layouts/application
  [1m[36mUser Load (0.2ms)[0m  [1m[34mSELECT "users".* FROM "users"[0m
  ↳ app/views/users/index.html.erb:6
  Rendered users/index.html.erb within layouts/application (Duration: 2.8ms | Allocations: 1180)
  Rendered layout layouts/application.html.erb (Duration: 4.6ms | Allocations: 2189)
Completed 200 OK in 6ms (Views: 4.9ms | ActiveRecord: 0.2ms | Allocations: 2539)


Started GET "/users/new" for 127.0.0.1 at 2022-05-26 11:19:39 -0400
Processing by UsersController#new as HTML
  Rendering layout layouts/application.html.erb
  Rendering users/new.html.erb within layouts/application
  Rendered users/_form.html.erb (Duration: 2.3ms | Allocations: 991)
  Rendered users/new.html.erb within layouts/application (Duration: 2.8ms | Allocations: 1099)
  Rendered layout layouts/application.html.erb (Duration: 5.6ms | Allocations: 2108)
Completed 200 OK in 7ms (Views: 6.2ms | ActiveRecord: 0.0ms | Allocations: 2380)


Started POST "/users" for 127.0.0.1 at 2022-05-26 11:19:41 -0400
Processing by UsersController#create as HTML
  Parameters: {"authenticity_token"=>"[FILTERED]", "user"=>{"name"=>"", "email"=>""}, "commit"=>"Create User"}
  [1m[36mTRANSACTION (0.1ms)[0m  [1m[36mbegin transaction[0m
  ↳ app/controllers/users_controller.rb:27:in `block in create'
  [1m[36mUser Create (0.7ms)[0m  [1m[32mINSERT INTO "users" ("name", "email", "created_at", "updated_at") VALUES (?, ?, ?, ?)[0m  [["name", ""], ["email", ""], ["created_at", "2022-05-26 15:19:41.828732"], ["updated_at", "2022-05-26 15:19:41.828732"]]
  ↳ app/controllers/users_controller.rb:27:in `block in create'
  [1m[36mTRANSACTION (1.0ms)[0m  [1m[36mcommit transaction[0m
  ↳ app/controllers/users_controller.rb:27:in `block in create'
Redirected to http://127.0.0.1:3000/users/7
Completed 302 Found in 9ms (ActiveRecord: 1.8ms | Allocations: 2177)


Started GET "/users/7" for 127.0.0.1 at 2022-05-26 11:19:41 -0400
Processing by UsersController#show as HTML
  Parameters: {"id"=>"7"}
  [1m[36mUser Load (0.1ms)[0m  [1m[34mSELECT "users".* FROM "users" WHERE "users"."id" = ? LIMIT ?[0m  [["id", 7], ["LIMIT", 1]]
  ↳ app/controllers/users_controller.rb:63:in `set_user'
  Rendering layout layouts/application.html.erb
  Rendering users/show.html.erb within layouts/application
  Rendered users/_user.html.erb (Duration: 0.1ms | Allocations: 26)
  Rendered users/show.html.erb within layouts/application (Duration: 1.4ms | Allocations: 618)
  Rendered layout layouts/application.html.erb (Duration: 3.5ms | Allocations: 1619)
Completed 200 OK in 5ms (Views: 4.0ms | ActiveRecord: 0.1ms | Allocations: 2365)


Started GET "/users" for 127.0.0.1 at 2022-05-26 11:19:48 -0400
Processing by UsersController#index as HTML
  Rendering layout layouts/application.html.erb
  Rendering users/index.html.erb within layouts/application
  [1m[36mUser Load (0.1ms)[0m  [1m[34mSELECT "users".* FROM "users"[0m
  ↳ app/views/users/index.html.erb:6
  Rendered users/_user.html.erb (Duration: 0.1ms | Allocations: 26)
  Rendered users/index.html.erb within layouts/application (Duration: 2.5ms | Allocations: 933)
  Rendered layout layouts/application.html.erb (Duration: 5.0ms | Allocations: 1942)
Completed 200 OK in 6ms (Views: 5.4ms | ActiveRecord: 0.1ms | Allocations: 2211)


Started GET "/users/new" for 127.0.0.1 at 2022-05-26 11:19:51 -0400
Processing by UsersController#new as HTML
  Rendering layout layouts/application.html.erb
  Rendering users/new.html.erb within layouts/application
  Rendered users/_form.html.erb (Duration: 1.8ms | Allocations: 991)
  Rendered users/new.html.erb within layouts/application (Duration: 2.1ms | Allocations: 1099)
  Rendered layout layouts/application.html.erb (Duration: 4.5ms | Allocations: 2108)
Completed 200 OK in 6ms (Views: 5.1ms | ActiveRecord: 0.0ms | Allocations: 2379)


Started POST "/users" for 127.0.0.1 at 2022-05-26 11:19:52 -0400
Processing by UsersController#create as HTML
  Parameters: {"authenticity_token"=>"[FILTERED]", "user"=>{"name"=>"", "email"=>""}, "commit"=>"Create User"}
  [1m[36mTRANSACTION (0.2ms)[0m  [1m[36mbegin transaction[0m
  ↳ app/controllers/users_controller.rb:27:in `block in create'
  [1m[36mUser Create (0.6ms)[0m  [1m[32mINSERT INTO "users" ("name", "email", "created_at", "updated_at") VALUES (?, ?, ?, ?)[0m  [["name", ""], ["email", ""], ["created_at", "2022-05-26 15:19:52.319158"], ["updated_at", "2022-05-26 15:19:52.319158"]]
  ↳ app/controllers/users_controller.rb:27:in `block in create'
  [1m[36mTRANSACTION (1.4ms)[0m  [1m[36mcommit transaction[0m
  ↳ app/controllers/users_controller.rb:27:in `block in create'
Redirected to http://127.0.0.1:3000/users/8
Completed 302 Found in 10ms (ActiveRecord: 2.2ms | Allocations: 2180)


Started GET "/users/8" for 127.0.0.1 at 2022-05-26 11:19:52 -0400
Processing by UsersController#show as HTML
  Parameters: {"id"=>"8"}
  [1m[36mUser Load (0.1ms)[0m  [1m[34mSELECT "users".* FROM "users" WHERE "users"."id" = ? LIMIT ?[0m  [["id", 8], ["LIMIT", 1]]
  ↳ app/controllers/users_controller.rb:63:in `set_user'
  Rendering layout layouts/application.html.erb
  Rendering users/show.html.erb within layouts/application
  Rendered users/_user.html.erb (Duration: 0.1ms | Allocations: 26)
  Rendered users/show.html.erb within layouts/application (Duration: 1.8ms | Allocations: 594)
  Rendered layout layouts/application.html.erb (Duration: 17.0ms | Allocations: 1595)
Completed 200 OK in 20ms (Views: 17.7ms | ActiveRecord: 0.1ms | Allocations: 2342)


Started GET "/users" for 127.0.0.1 at 2022-05-26 11:19:54 -0400
Processing by UsersController#index as HTML
  Rendering layout layouts/application.html.erb
  Rendering users/index.html.erb within layouts/application
  [1m[36mUser Load (0.2ms)[0m  [1m[34mSELECT "users".* FROM "users"[0m
  ↳ app/views/users/index.html.erb:6
  Rendered users/_user.html.erb (Duration: 0.1ms | Allocations: 26)
  Rendered users/_user.html.erb (Duration: 0.1ms | Allocations: 25)
  Rendered users/index.html.erb within layouts/application (Duration: 3.6ms | Allocations: 1071)
  Rendered layout layouts/application.html.erb (Duration: 6.6ms | Allocations: 2081)
Completed 200 OK in 8ms (Views: 7.0ms | ActiveRecord: 0.2ms | Allocations: 2350)


Started GET "/users/8" for 127.0.0.1 at 2022-05-26 11:19:57 -0400
Processing by UsersController#show as HTML
  Parameters: {"id"=>"8"}
  [1m[36mUser Load (0.2ms)[0m  [1m[34mSELECT "users".* FROM "users" WHERE "users"."id" = ? LIMIT ?[0m  [["id", 8], ["LIMIT", 1]]
  ↳ app/controllers/users_controller.rb:63:in `set_user'
  Rendering layout layouts/application.html.erb
  Rendering users/show.html.erb within layouts/application
  Rendered users/_user.html.erb (Duration: 0.1ms | Allocations: 26)
  Rendered users/show.html.erb within layouts/application (Duration: 2.2ms | Allocations: 570)
  Rendered layout layouts/application.html.erb (Duration: 5.0ms | Allocations: 1571)
Completed 200 OK in 8ms (Views: 5.7ms | ActiveRecord: 0.2ms | Allocations: 2317)


Started DELETE "/users/8" for 127.0.0.1 at 2022-05-26 11:19:58 -0400
Processing by UsersController#destroy as HTML
  Parameters: {"authenticity_token"=>"[FILTERED]", "id"=>"8"}
  [1m[36mUser Load (0.1ms)[0m  [1m[34mSELECT "users".* FROM "users" WHERE "users"."id" = ? LIMIT ?[0m  [["id", 8], ["LIMIT", 1]]
  ↳ app/controllers/users_controller.rb:63:in `set_user'
  [1m[36mTRANSACTION (0.1ms)[0m  [1m[36mbegin transaction[0m
  ↳ app/controllers/users_controller.rb:52:in `destroy'
  [1m[36mUser Destroy (1.0ms)[0m  [1m[31mDELETE FROM "users" WHERE "users"."id" = ?[0m  [["id", 8]]
  ↳ app/controllers/users_controller.rb:52:in `destroy'
  [1m[36mTRANSACTION (1.0ms)[0m  [1m[36mcommit transaction[0m
  ↳ app/controllers/users_controller.rb:52:in `destroy'
Redirected to http://127.0.0.1:3000/users
Completed 302 Found in 9ms (ActiveRecord: 2.2ms | Allocations: 2378)


Started GET "/users" for 127.0.0.1 at 2022-05-26 11:19:58 -0400
Processing by UsersController#index as HTML
  Rendering layout layouts/application.html.erb
  Rendering users/index.html.erb within layouts/application
  [1m[36mUser Load (0.2ms)[0m  [1m[34mSELECT "users".* FROM "users"[0m
  ↳ app/views/users/index.html.erb:6
  Rendered users/_user.html.erb (Duration: 0.1ms | Allocations: 26)
  Rendered users/index.html.erb within layouts/application (Duration: 2.0ms | Allocations: 965)
  Rendered layout layouts/application.html.erb (Duration: 4.1ms | Allocations: 1978)
Completed 200 OK in 5ms (Views: 4.4ms | ActiveRecord: 0.2ms | Allocations: 2247)


  [1m[35m (0.4ms)[0m  [1m[34mSELECT sqlite_version(*)[0m
  [1m[36mActiveRecord::SchemaMigration Pluck (0.0ms)[0m  [1m[34mSELECT "schema_migrations"."version" FROM "schema_migrations" ORDER BY "schema_migrations"."version" ASC[0m
  [1m[36mActiveRecord::InternalMetadata Load (0.2ms)[0m  [1m[34mSELECT "ar_internal_metadata".* FROM "ar_internal_metadata" WHERE "ar_internal_metadata"."key" = ? LIMIT ?[0m  [["key", "environment"], ["LIMIT", 1]]
  [1m[35m (0.0ms)[0m  [1m[34mSELECT sqlite_version(*)[0m
  [1m[36mActiveRecord::SchemaMigration Pluck (0.0ms)[0m  [1m[34mSELECT "schema_migrations"."version" FROM "schema_migrations" ORDER BY "schema_migrations"."version" ASC[0m
  [1m[35m (0.6ms)[0m  [1m[34mSELECT sqlite_version(*)[0m
  [1m[36mActiveRecord::SchemaMigration Pluck (0.0ms)[0m  [1m[34mSELECT "schema_migrations"."version" FROM "schema_migrations" ORDER BY "schema_migrations"."version" ASC[0m
Migrating to CreateMicroposts (20220526155713)
  [1m[36mTRANSACTION (0.0ms)[0m  [1m[36mbegin transaction[0m
  [1m[35m (0.2ms)[0m  [1m[35mCREATE TABLE "microposts" ("id" integer PRIMARY KEY AUTOINCREMENT NOT NULL, "content" text, "user_id" integer, "created_at" datetime(6) NOT NULL, "updated_at" datetime(6) NOT NULL)[0m
  [1m[36mActiveRecord::SchemaMigration Create (0.1ms)[0m  [1m[32mINSERT INTO "schema_migrations" ("version") VALUES (?)[0m  [["version", "20220526155713"]]
  [1m[36mTRANSACTION (0.4ms)[0m  [1m[36mcommit transaction[0m
  [1m[36mActiveRecord::InternalMetadata Load (0.1ms)[0m  [1m[34mSELECT "ar_internal_metadata".* FROM "ar_internal_metadata" WHERE "ar_internal_metadata"."key" = ? LIMIT ?[0m  [["key", "environment"], ["LIMIT", 1]]
  [1m[35m (0.0ms)[0m  [1m[34mSELECT sqlite_version(*)[0m
  [1m[36mActiveRecord::SchemaMigration Pluck (0.0ms)[0m  [1m[34mSELECT "schema_migrations"."version" FROM "schema_migrations" ORDER BY "schema_migrations"."version" ASC[0m
Started GET "/microposts" for 127.0.0.1 at 2022-05-26 11:58:02 -0400
  [1m[35m (0.0ms)[0m  [1m[34mSELECT sqlite_version(*)[0m
  [1m[36mActiveRecord::SchemaMigration Pluck (0.0ms)[0m  [1m[34mSELECT "schema_migrations"."version" FROM "schema_migrations" ORDER BY "schema_migrations"."version" ASC[0m
Processing by MicropostsController#index as HTML
  Rendering layout layouts/application.html.erb
  Rendering microposts/index.html.erb within layouts/application
  [1m[36mMicropost Load (0.7ms)[0m  [1m[34mSELECT "microposts".* FROM "microposts"[0m
  ↳ app/views/microposts/index.html.erb:6
  Rendered microposts/index.html.erb within layouts/application (Duration: 2.0ms | Allocations: 1423)
  Rendered layout layouts/application.html.erb (Duration: 4.0ms | Allocations: 2908)
Completed 200 OK in 6ms (Views: 4.1ms | ActiveRecord: 0.7ms | Allocations: 4982)


Started GET "/microposts/new" for 127.0.0.1 at 2022-05-26 11:58:03 -0400
Processing by MicropostsController#new as HTML
  Rendering layout layouts/application.html.erb
  Rendering microposts/new.html.erb within layouts/application
  Rendered microposts/_form.html.erb (Duration: 8.5ms | Allocations: 2376)
  Rendered microposts/new.html.erb within layouts/application (Duration: 10.0ms | Allocations: 2799)
  Rendered layout layouts/application.html.erb (Duration: 11.9ms | Allocations: 3914)
Completed 200 OK in 20ms (Views: 12.5ms | ActiveRecord: 1.0ms | Allocations: 7796)


Started POST "/microposts" for 127.0.0.1 at 2022-05-26 11:58:05 -0400
Processing by MicropostsController#create as HTML
  Parameters: {"authenticity_token"=>"[FILTERED]", "micropost"=>{"content"=>"", "user_id"=>""}, "commit"=>"Create Micropost"}
  [1m[36mTRANSACTION (0.1ms)[0m  [1m[36mbegin transaction[0m
  ↳ app/controllers/microposts_controller.rb:27:in `block in create'
  [1m[36mMicropost Create (0.6ms)[0m  [1m[32mINSERT INTO "microposts" ("content", "user_id", "created_at", "updated_at") VALUES (?, ?, ?, ?)[0m  [["content", ""], ["user_id", nil], ["created_at", "2022-05-26 15:58:05.236620"], ["updated_at", "2022-05-26 15:58:05.236620"]]
  ↳ app/controllers/microposts_controller.rb:27:in `block in create'
  [1m[36mTRANSACTION (0.9ms)[0m  [1m[36mcommit transaction[0m
  ↳ app/controllers/microposts_controller.rb:27:in `block in create'
Redirected to http://127.0.0.1:3000/microposts/1
Completed 302 Found in 9ms (ActiveRecord: 1.7ms | Allocations: 2485)


Started GET "/microposts/1" for 127.0.0.1 at 2022-05-26 11:58:05 -0400
Processing by MicropostsController#show as HTML
  Parameters: {"id"=>"1"}
  [1m[36mMicropost Load (0.3ms)[0m  [1m[34mSELECT "microposts".* FROM "microposts" WHERE "microposts"."id" = ? LIMIT ?[0m  [["id", 1], ["LIMIT", 1]]
  ↳ app/controllers/microposts_controller.rb:63:in `set_micropost'
  Rendering layout layouts/application.html.erb
  Rendering microposts/show.html.erb within layouts/application
  Rendered microposts/_micropost.html.erb (Duration: 0.7ms | Allocations: 288)
  Rendered microposts/show.html.erb within layouts/application (Duration: 3.7ms | Allocations: 1387)
  Rendered layout layouts/application.html.erb (Duration: 5.2ms | Allocations: 2389)
Completed 200 OK in 9ms (Views: 5.7ms | ActiveRecord: 0.3ms | Allocations: 3932)


  [1m[35m (1.0ms)[0m  [1m[34mSELECT sqlite_version(*)[0m
  [1m[36mUser Load (0.8ms)[0m  [1m[34mSELECT "users".* FROM "users" ORDER BY "users"."id" ASC LIMIT ?[0m  [["LIMIT", 1]]
Started GET "/microposts" for 127.0.0.1 at 2022-05-26 12:00:44 -0400
Processing by MicropostsController#index as HTML
  Rendering layout layouts/application.html.erb
  Rendering microposts/index.html.erb within layouts/application
  [1m[35m (0.0ms)[0m  [1m[34mSELECT sqlite_version(*)[0m
  ↳ app/views/microposts/index.html.erb:6
  [1m[36mMicropost Load (0.7ms)[0m  [1m[34mSELECT "microposts".* FROM "microposts"[0m
  ↳ app/views/microposts/index.html.erb:6
  Rendered microposts/_micropost.html.erb (Duration: 0.0ms | Allocations: 47)
  Rendered microposts/index.html.erb within layouts/application (Duration: 3.5ms | Allocations: 3338)
  Rendered layout layouts/application.html.erb (Duration: 4.4ms | Allocations: 4531)
Completed 200 OK in 9ms (Views: 4.8ms | ActiveRecord: 1.1ms | Allocations: 8131)


Started GET "/microposts/1" for 127.0.0.1 at 2022-05-26 12:00:46 -0400
Processing by MicropostsController#show as HTML
  Parameters: {"id"=>"1"}
  [1m[36mMicropost Load (0.2ms)[0m  [1m[34mSELECT "microposts".* FROM "microposts" WHERE "microposts"."id" = ? LIMIT ?[0m  [["id", 1], ["LIMIT", 1]]
  ↳ app/controllers/microposts_controller.rb:63:in `set_micropost'
  Rendering layout layouts/application.html.erb
  Rendering microposts/show.html.erb within layouts/application
  Rendered microposts/_micropost.html.erb (Duration: 0.1ms | Allocations: 24)
  Rendered microposts/show.html.erb within layouts/application (Duration: 1.4ms | Allocations: 602)
  Rendered layout layouts/application.html.erb (Duration: 3.6ms | Allocations: 1603)
Completed 200 OK in 7ms (Views: 4.1ms | ActiveRecord: 0.2ms | Allocations: 3019)


Started DELETE "/microposts/1" for 127.0.0.1 at 2022-05-26 12:00:47 -0400
Processing by MicropostsController#destroy as HTML
  Parameters: {"authenticity_token"=>"[FILTERED]", "id"=>"1"}
  [1m[36mMicropost Load (0.2ms)[0m  [1m[34mSELECT "microposts".* FROM "microposts" WHERE "microposts"."id" = ? LIMIT ?[0m  [["id", 1], ["LIMIT", 1]]
  ↳ app/controllers/microposts_controller.rb:63:in `set_micropost'
  [1m[36mTRANSACTION (0.1ms)[0m  [1m[36mbegin transaction[0m
  ↳ app/controllers/microposts_controller.rb:52:in `destroy'
  [1m[36mMicropost Destroy (0.6ms)[0m  [1m[31mDELETE FROM "microposts" WHERE "microposts"."id" = ?[0m  [["id", 1]]
  ↳ app/controllers/microposts_controller.rb:52:in `destroy'
  [1m[36mTRANSACTION (0.9ms)[0m  [1m[36mcommit transaction[0m
  ↳ app/controllers/microposts_controller.rb:52:in `destroy'
Redirected to http://127.0.0.1:3000/microposts
Completed 302 Found in 8ms (ActiveRecord: 1.7ms | Allocations: 2499)


Started GET "/microposts" for 127.0.0.1 at 2022-05-26 12:00:47 -0400
Processing by MicropostsController#index as HTML
  Rendering layout layouts/application.html.erb
  Rendering microposts/index.html.erb within layouts/application
  [1m[36mMicropost Load (0.2ms)[0m  [1m[34mSELECT "microposts".* FROM "microposts"[0m
  ↳ app/views/microposts/index.html.erb:6
  Rendered microposts/index.html.erb within layouts/application (Duration: 1.8ms | Allocations: 803)
  Rendered layout layouts/application.html.erb (Duration: 3.7ms | Allocations: 1812)
Completed 200 OK in 5ms (Views: 4.2ms | ActiveRecord: 0.2ms | Allocations: 2082)


Started GET "/users" for 127.0.0.1 at 2022-05-26 12:00:56 -0400
Processing by UsersController#index as HTML
  Rendering layout layouts/application.html.erb
  Rendering users/index.html.erb within layouts/application
  [1m[36mUser Load (1.0ms)[0m  [1m[34mSELECT "users".* FROM "users"[0m
  ↳ app/views/users/index.html.erb:6
  Rendered users/_user.html.erb (Duration: 0.6ms | Allocations: 302)
  Rendered users/index.html.erb within layouts/application (Duration: 7.2ms | Allocations: 3377)
  Rendered layout layouts/application.html.erb (Duration: 8.7ms | Allocations: 4570)
Completed 200 OK in 16ms (Views: 10.4ms | ActiveRecord: 1.2ms | Allocations: 7424)


Started GET "/users/7" for 127.0.0.1 at 2022-05-26 12:01:05 -0400
Processing by UsersController#show as HTML
  Parameters: {"id"=>"7"}
  [1m[36mUser Load (0.3ms)[0m  [1m[34mSELECT "users".* FROM "users" WHERE "users"."id" = ? LIMIT ?[0m  [["id", 7], ["LIMIT", 1]]
  ↳ app/controllers/users_controller.rb:63:in `set_user'
  Rendering layout layouts/application.html.erb
  Rendering users/show.html.erb within layouts/application
  Rendered users/_user.html.erb (Duration: 0.1ms | Allocations: 26)
  Rendered users/show.html.erb within layouts/application (Duration: 2.7ms | Allocations: 917)
  Rendered layout layouts/application.html.erb (Duration: 5.3ms | Allocations: 1918)
Completed 200 OK in 10ms (Views: 6.1ms | ActiveRecord: 0.3ms | Allocations: 3409)


Started DELETE "/users/7" for 127.0.0.1 at 2022-05-26 12:01:06 -0400
Processing by UsersController#destroy as HTML
  Parameters: {"authenticity_token"=>"[FILTERED]", "id"=>"7"}
  [1m[36mUser Load (0.1ms)[0m  [1m[34mSELECT "users".* FROM "users" WHERE "users"."id" = ? LIMIT ?[0m  [["id", 7], ["LIMIT", 1]]
  ↳ app/controllers/users_controller.rb:63:in `set_user'
  [1m[36mTRANSACTION (0.1ms)[0m  [1m[36mbegin transaction[0m
  ↳ app/controllers/users_controller.rb:52:in `destroy'
  [1m[36mUser Destroy (0.5ms)[0m  [1m[31mDELETE FROM "users" WHERE "users"."id" = ?[0m  [["id", 7]]
  ↳ app/controllers/users_controller.rb:52:in `destroy'
  [1m[36mTRANSACTION (0.7ms)[0m  [1m[36mcommit transaction[0m
  ↳ app/controllers/users_controller.rb:52:in `destroy'
Redirected to http://127.0.0.1:3000/users
Completed 302 Found in 7ms (ActiveRecord: 1.5ms | Allocations: 2492)


Started GET "/users" for 127.0.0.1 at 2022-05-26 12:01:06 -0400
Processing by UsersController#index as HTML
  Rendering layout layouts/application.html.erb
  Rendering users/index.html.erb within layouts/application
  [1m[36mUser Load (0.2ms)[0m  [1m[34mSELECT "users".* FROM "users"[0m
  ↳ app/views/users/index.html.erb:6
  Rendered users/index.html.erb within layouts/application (Duration: 2.0ms | Allocations: 758)
  Rendered layout layouts/application.html.erb (Duration: 3.5ms | Allocations: 1767)
Completed 200 OK in 4ms (Views: 3.8ms | ActiveRecord: 0.2ms | Allocations: 2037)


Started GET "/users/new" for 127.0.0.1 at 2022-05-26 12:01:10 -0400
Processing by UsersController#new as HTML
  Rendering layout layouts/application.html.erb
  Rendering users/new.html.erb within layouts/application
  Rendered users/_form.html.erb (Duration: 4.1ms | Allocations: 1691)
  Rendered users/new.html.erb within layouts/application (Duration: 5.8ms | Allocations: 2087)
  Rendered layout layouts/application.html.erb (Duration: 7.8ms | Allocations: 3096)
Completed 200 OK in 10ms (Views: 8.5ms | ActiveRecord: 0.0ms | Allocations: 3434)


Started POST "/users" for 127.0.0.1 at 2022-05-26 12:01:17 -0400
Processing by UsersController#create as HTML
  Parameters: {"authenticity_token"=>"[FILTERED]", "user"=>{"name"=>"Braden", "email"=>"bradenwrich@gmail.com"}, "commit"=>"Create User"}
  [1m[36mTRANSACTION (0.1ms)[0m  [1m[36mbegin transaction[0m
  ↳ app/controllers/users_controller.rb:27:in `block in create'
  [1m[36mUser Create (0.7ms)[0m  [1m[32mINSERT INTO "users" ("name", "email", "created_at", "updated_at") VALUES (?, ?, ?, ?)[0m  [["name", "Braden"], ["email", "bradenwrich@gmail.com"], ["created_at", "2022-05-26 16:01:17.274439"], ["updated_at", "2022-05-26 16:01:17.274439"]]
  ↳ app/controllers/users_controller.rb:27:in `block in create'
  [1m[36mTRANSACTION (0.9ms)[0m  [1m[36mcommit transaction[0m
  ↳ app/controllers/users_controller.rb:27:in `block in create'
Redirected to http://127.0.0.1:3000/users/9
Completed 302 Found in 8ms (ActiveRecord: 1.6ms | Allocations: 2470)


Started GET "/users/9" for 127.0.0.1 at 2022-05-26 12:01:17 -0400
Processing by UsersController#show as HTML
  Parameters: {"id"=>"9"}
  [1m[36mUser Load (0.1ms)[0m  [1m[34mSELECT "users".* FROM "users" WHERE "users"."id" = ? LIMIT ?[0m  [["id", 9], ["LIMIT", 1]]
  ↳ app/controllers/users_controller.rb:63:in `set_user'
  Rendering layout layouts/application.html.erb
  Rendering users/show.html.erb within layouts/application
  Rendered users/_user.html.erb (Duration: 0.1ms | Allocations: 26)
  Rendered users/show.html.erb within layouts/application (Duration: 0.8ms | Allocations: 612)
  Rendered layout layouts/application.html.erb (Duration: 2.2ms | Allocations: 1613)
Completed 200 OK in 4ms (Views: 2.5ms | ActiveRecord: 0.1ms | Allocations: 2359)


Started GET "/users" for 127.0.0.1 at 2022-05-26 12:01:19 -0400
Processing by UsersController#index as HTML
  Rendering layout layouts/application.html.erb
  Rendering users/index.html.erb within layouts/application
  [1m[36mUser Load (0.1ms)[0m  [1m[34mSELECT "users".* FROM "users"[0m
  ↳ app/views/users/index.html.erb:6
  Rendered users/_user.html.erb (Duration: 0.1ms | Allocations: 26)
  Rendered users/index.html.erb within layouts/application (Duration: 2.1ms | Allocations: 920)
  Rendered layout layouts/application.html.erb (Duration: 4.3ms | Allocations: 1929)
Completed 200 OK in 5ms (Views: 4.6ms | ActiveRecord: 0.1ms | Allocations: 2198)


Started GET "/users/new" for 127.0.0.1 at 2022-05-26 12:01:21 -0400
Processing by UsersController#new as HTML
  Rendering layout layouts/application.html.erb
  Rendering users/new.html.erb within layouts/application
  Rendered users/_form.html.erb (Duration: 1.7ms | Allocations: 1000)
  Rendered users/new.html.erb within layouts/application (Duration: 2.0ms | Allocations: 1108)
  Rendered layout layouts/application.html.erb (Duration: 4.2ms | Allocations: 2117)
Completed 200 OK in 5ms (Views: 4.7ms | ActiveRecord: 0.0ms | Allocations: 2388)


Started POST "/users" for 127.0.0.1 at 2022-05-26 12:01:25 -0400
Processing by UsersController#create as HTML
  Parameters: {"authenticity_token"=>"[FILTERED]", "user"=>{"name"=>"Trevor", "email"=>"Trevor"}, "commit"=>"Create User"}
  [1m[36mTRANSACTION (0.1ms)[0m  [1m[36mbegin transaction[0m
  ↳ app/controllers/users_controller.rb:27:in `block in create'
  [1m[36mUser Create (0.6ms)[0m  [1m[32mINSERT INTO "users" ("name", "email", "created_at", "updated_at") VALUES (?, ?, ?, ?)[0m  [["name", "Trevor"], ["email", "Trevor"], ["created_at", "2022-05-26 16:01:25.726938"], ["updated_at", "2022-05-26 16:01:25.726938"]]
  ↳ app/controllers/users_controller.rb:27:in `block in create'
  [1m[36mTRANSACTION (1.1ms)[0m  [1m[36mcommit transaction[0m
  ↳ app/controllers/users_controller.rb:27:in `block in create'
Redirected to http://127.0.0.1:3000/users/10
Completed 302 Found in 8ms (ActiveRecord: 1.8ms | Allocations: 2249)


Started GET "/users/10" for 127.0.0.1 at 2022-05-26 12:01:25 -0400
Processing by UsersController#show as HTML
  Parameters: {"id"=>"10"}
  [1m[36mUser Load (0.1ms)[0m  [1m[34mSELECT "users".* FROM "users" WHERE "users"."id" = ? LIMIT ?[0m  [["id", 10], ["LIMIT", 1]]
  ↳ app/controllers/users_controller.rb:63:in `set_user'
  Rendering layout layouts/application.html.erb
  Rendering users/show.html.erb within layouts/application
  Rendered users/_user.html.erb (Duration: 0.1ms | Allocations: 26)
  Rendered users/show.html.erb within layouts/application (Duration: 1.3ms | Allocations: 606)
  Rendered layout layouts/application.html.erb (Duration: 3.2ms | Allocations: 1607)
Completed 200 OK in 6ms (Views: 4.1ms | ActiveRecord: 0.1ms | Allocations: 2353)


Started GET "/users" for 127.0.0.1 at 2022-05-26 12:01:27 -0400
Processing by UsersController#index as HTML
  Rendering layout layouts/application.html.erb
  Rendering users/index.html.erb within layouts/application
  [1m[36mUser Load (0.2ms)[0m  [1m[34mSELECT "users".* FROM "users"[0m
  ↳ app/views/users/index.html.erb:6
  Rendered users/_user.html.erb (Duration: 0.1ms | Allocations: 26)
  Rendered users/_user.html.erb (Duration: 0.1ms | Allocations: 25)
  Rendered users/index.html.erb within layouts/application (Duration: 3.7ms | Allocations: 1068)
  Rendered layout layouts/application.html.erb (Duration: 6.1ms | Allocations: 2077)
Completed 200 OK in 7ms (Views: 6.4ms | ActiveRecord: 0.2ms | Allocations: 2346)


Started GET "/microposts/new" for 127.0.0.1 at 2022-05-26 12:01:30 -0400
Processing by MicropostsController#new as HTML
  Rendering layout layouts/application.html.erb
  Rendering microposts/new.html.erb within layouts/application
  Rendered microposts/_form.html.erb (Duration: 1.8ms | Allocations: 1039)
  Rendered microposts/new.html.erb within layouts/application (Duration: 2.1ms | Allocations: 1149)
  Rendered layout layouts/application.html.erb (Duration: 4.3ms | Allocations: 2158)
Completed 200 OK in 5ms (Views: 4.8ms | ActiveRecord: 0.0ms | Allocations: 2442)


Started POST "/microposts" for 127.0.0.1 at 2022-05-26 12:01:41 -0400
Processing by MicropostsController#create as HTML
  Parameters: {"authenticity_token"=>"[FILTERED]", "micropost"=>{"content"=>"BRUHHHHHHHH", "user_id"=>"1"}, "commit"=>"Create Micropost"}
  [1m[36mTRANSACTION (0.1ms)[0m  [1m[36mbegin transaction[0m
  ↳ app/controllers/microposts_controller.rb:27:in `block in create'
  [1m[36mUser Load (0.1ms)[0m  [1m[34mSELECT "users".* FROM "users" WHERE "users"."id" = ? LIMIT ?[0m  [["id", 1], ["LIMIT", 1]]
  ↳ app/controllers/microposts_controller.rb:27:in `block in create'
  [1m[36mTRANSACTION (0.1ms)[0m  [1m[31mrollback transaction[0m
  ↳ app/controllers/microposts_controller.rb:27:in `block in create'
  Rendering layout layouts/application.html.erb
  Rendering microposts/new.html.erb within layouts/application
  Rendered microposts/_form.html.erb (Duration: 1.9ms | Allocations: 1441)
  Rendered microposts/new.html.erb within layouts/application (Duration: 2.1ms | Allocations: 1557)
  Rendered layout layouts/application.html.erb (Duration: 3.6ms | Allocations: 2656)
Completed 422 Unprocessable Entity in 36ms (Views: 4.0ms | ActiveRecord: 0.2ms | Allocations: 17815)


Started POST "/microposts" for 127.0.0.1 at 2022-05-26 12:01:45 -0400
Processing by MicropostsController#create as HTML
  Parameters: {"authenticity_token"=>"[FILTERED]", "micropost"=>{"content"=>"BRUHHHHHHHH", "user_id"=>"2"}, "commit"=>"Create Micropost"}
  [1m[36mTRANSACTION (0.1ms)[0m  [1m[36mbegin transaction[0m
  ↳ app/controllers/microposts_controller.rb:27:in `block in create'
  [1m[36mUser Load (0.1ms)[0m  [1m[34mSELECT "users".* FROM "users" WHERE "users"."id" = ? LIMIT ?[0m  [["id", 2], ["LIMIT", 1]]
  ↳ app/controllers/microposts_controller.rb:27:in `block in create'
  [1m[36mTRANSACTION (0.1ms)[0m  [1m[31mrollback transaction[0m
  ↳ app/controllers/microposts_controller.rb:27:in `block in create'
  Rendering layout layouts/application.html.erb
  Rendering microposts/new.html.erb within layouts/application
  Rendered microposts/_form.html.erb (Duration: 2.1ms | Allocations: 1222)
  Rendered microposts/new.html.erb within layouts/application (Duration: 2.4ms | Allocations: 1330)
  Rendered layout layouts/application.html.erb (Duration: 4.2ms | Allocations: 2331)
Completed 422 Unprocessable Entity in 10ms (Views: 4.8ms | ActiveRecord: 0.3ms | Allocations: 5421)


  [1m[36mUser Load (1.2ms)[0m  [1m[34mSELECT "users".* FROM "users" ORDER BY "users"."id" ASC LIMIT ?[0m  [["LIMIT", 1]]
  [1m[36mUser Load (0.1ms)[0m  [1m[34mSELECT "users".* FROM "users" ORDER BY "users"."id" ASC LIMIT ?[0m  [["LIMIT", 1]]
Started POST "/microposts" for 127.0.0.1 at 2022-05-26 12:02:56 -0400
Processing by MicropostsController#create as HTML
  Parameters: {"authenticity_token"=>"[FILTERED]", "micropost"=>{"content"=>"BRUHHHHHHHH", "user_id"=>"9"}, "commit"=>"Create Micropost"}
  [1m[36mTRANSACTION (0.1ms)[0m  [1m[36mbegin transaction[0m
  ↳ app/controllers/microposts_controller.rb:27:in `block in create'
  [1m[36mUser Load (0.5ms)[0m  [1m[34mSELECT "users".* FROM "users" WHERE "users"."id" = ? LIMIT ?[0m  [["id", 9], ["LIMIT", 1]]
  ↳ app/controllers/microposts_controller.rb:27:in `block in create'
  [1m[36mMicropost Create (0.6ms)[0m  [1m[32mINSERT INTO "microposts" ("content", "user_id", "created_at", "updated_at") VALUES (?, ?, ?, ?)[0m  [["content", "BRUHHHHHHHH"], ["user_id", 9], ["created_at", "2022-05-26 16:02:56.883717"], ["updated_at", "2022-05-26 16:02:56.883717"]]
  ↳ app/controllers/microposts_controller.rb:27:in `block in create'
  [1m[36mTRANSACTION (0.9ms)[0m  [1m[36mcommit transaction[0m
  ↳ app/controllers/microposts_controller.rb:27:in `block in create'
Redirected to http://127.0.0.1:3000/microposts/2
Completed 302 Found in 10ms (ActiveRecord: 2.1ms | Allocations: 3294)


Started GET "/microposts/2" for 127.0.0.1 at 2022-05-26 12:02:56 -0400
Processing by MicropostsController#show as HTML
  Parameters: {"id"=>"2"}
  [1m[36mMicropost Load (0.1ms)[0m  [1m[34mSELECT "microposts".* FROM "microposts" WHERE "microposts"."id" = ? LIMIT ?[0m  [["id", 2], ["LIMIT", 1]]
  ↳ app/controllers/microposts_controller.rb:63:in `set_micropost'
  Rendering layout layouts/application.html.erb
  Rendering microposts/show.html.erb within layouts/application
  Rendered microposts/_micropost.html.erb (Duration: 0.1ms | Allocations: 28)
  Rendered microposts/show.html.erb within layouts/application (Duration: 1.3ms | Allocations: 600)
  Rendered layout layouts/application.html.erb (Duration: 3.4ms | Allocations: 1601)
Completed 200 OK in 6ms (Views: 4.1ms | ActiveRecord: 0.1ms | Allocations: 2355)


  [1m[36mMicropost Load (0.4ms)[0m  [1m[34mSELECT "microposts".* FROM "microposts" WHERE "microposts"."user_id" = ?[0m  [["user_id", 9]]
Started GET "/users/new" for 127.0.0.1 at 2022-05-26 12:06:48 -0400
Processing by UsersController#new as HTML
  [1m[35m (0.0ms)[0m  [1m[34mSELECT sqlite_version(*)[0m
  ↳ app/controllers/users_controller.rb:15:in `new'
  Rendering layout layouts/application.html.erb
  Rendering users/new.html.erb within layouts/application
  Rendered users/_form.html.erb (Duration: 1.2ms | Allocations: 1261)
  Rendered users/new.html.erb within layouts/application (Duration: 1.4ms | Allocations: 1392)
  Rendered layout layouts/application.html.erb (Duration: 2.5ms | Allocations: 2566)
Completed 200 OK in 16ms (Views: 3.1ms | ActiveRecord: 0.4ms | Allocations: 7318)


Started POST "/users" for 127.0.0.1 at 2022-05-26 12:06:53 -0400
Processing by UsersController#create as HTML
  Parameters: {"authenticity_token"=>"[FILTERED]", "user"=>{"name"=>"", "email"=>""}, "commit"=>"Create User"}
  Rendering layout layouts/application.html.erb
  Rendering users/new.html.erb within layouts/application
  Rendered users/_form.html.erb (Duration: 6.1ms | Allocations: 2847)
  Rendered users/new.html.erb within layouts/application (Duration: 6.4ms | Allocations: 2955)
  Rendered layout layouts/application.html.erb (Duration: 11.5ms | Allocations: 3956)
Completed 422 Unprocessable Entity in 15ms (Views: 12.2ms | ActiveRecord: 0.0ms | Allocations: 5225)


Started POST "/users" for 127.0.0.1 at 2022-05-26 12:06:59 -0400
Processing by UsersController#create as HTML
  Parameters: {"authenticity_token"=>"[FILTERED]", "user"=>{"name"=>"Braden", "email"=>""}, "commit"=>"Create User"}
  Rendering layout layouts/application.html.erb
  Rendering users/new.html.erb within layouts/application
  Rendered users/_form.html.erb (Duration: 4.4ms | Allocations: 1797)
  Rendered users/new.html.erb within layouts/application (Duration: 4.8ms | Allocations: 1905)
  Rendered layout layouts/application.html.erb (Duration: 7.2ms | Allocations: 2910)
Completed 422 Unprocessable Entity in 10ms (Views: 8.0ms | ActiveRecord: 0.0ms | Allocations: 3951)


Started POST "/users" for 127.0.0.1 at 2022-05-26 12:07:03 -0400
Processing by UsersController#create as HTML
  Parameters: {"authenticity_token"=>"[FILTERED]", "user"=>{"name"=>"Braden", "email"=>"bradenwrich@gmail.com"}, "commit"=>"Create User"}
  [1m[36mTRANSACTION (0.1ms)[0m  [1m[36mbegin transaction[0m
  ↳ app/controllers/users_controller.rb:27:in `block in create'
  [1m[36mUser Create (1.3ms)[0m  [1m[32mINSERT INTO "users" ("name", "email", "created_at", "updated_at") VALUES (?, ?, ?, ?)[0m  [["name", "Braden"], ["email", "bradenwrich@gmail.com"], ["created_at", "2022-05-26 16:07:03.682656"], ["updated_at", "2022-05-26 16:07:03.682656"]]
  ↳ app/controllers/users_controller.rb:27:in `block in create'
  [1m[36mTRANSACTION (0.9ms)[0m  [1m[36mcommit transaction[0m
  ↳ app/controllers/users_controller.rb:27:in `block in create'
Redirected to http://127.0.0.1:3000/users/11
Completed 302 Found in 9ms (ActiveRecord: 2.3ms | Allocations: 2465)


Started GET "/users/11" for 127.0.0.1 at 2022-05-26 12:07:03 -0400
Processing by UsersController#show as HTML
  Parameters: {"id"=>"11"}
  [1m[36mUser Load (0.3ms)[0m  [1m[34mSELECT "users".* FROM "users" WHERE "users"."id" = ? LIMIT ?[0m  [["id", 11], ["LIMIT", 1]]
  ↳ app/controllers/users_controller.rb:63:in `set_user'
  Rendering layout layouts/application.html.erb
  Rendering users/show.html.erb within layouts/application
  Rendered users/_user.html.erb (Duration: 0.1ms | Allocations: 35)
  Rendered users/show.html.erb within layouts/application (Duration: 1.7ms | Allocations: 690)
  Rendered layout layouts/application.html.erb (Duration: 3.8ms | Allocations: 1691)
Completed 200 OK in 8ms (Views: 4.4ms | ActiveRecord: 0.3ms | Allocations: 3175)


Started DELETE "/users/11" for 127.0.0.1 at 2022-05-26 12:07:05 -0400
Processing by UsersController#destroy as HTML
  Parameters: {"authenticity_token"=>"[FILTERED]", "id"=>"11"}
  [1m[36mUser Load (0.2ms)[0m  [1m[34mSELECT "users".* FROM "users" WHERE "users"."id" = ? LIMIT ?[0m  [["id", 11], ["LIMIT", 1]]
  ↳ app/controllers/users_controller.rb:63:in `set_user'
  [1m[36mTRANSACTION (0.1ms)[0m  [1m[36mbegin transaction[0m
  ↳ app/controllers/users_controller.rb:52:in `destroy'
  [1m[36mUser Destroy (0.6ms)[0m  [1m[31mDELETE FROM "users" WHERE "users"."id" = ?[0m  [["id", 11]]
  ↳ app/controllers/users_controller.rb:52:in `destroy'
  [1m[36mTRANSACTION (0.8ms)[0m  [1m[36mcommit transaction[0m
  ↳ app/controllers/users_controller.rb:52:in `destroy'
Redirected to http://127.0.0.1:3000/users
Completed 302 Found in 8ms (ActiveRecord: 1.7ms | Allocations: 2412)


Started GET "/users" for 127.0.0.1 at 2022-05-26 12:07:05 -0400
Processing by UsersController#index as HTML
  Rendering layout layouts/application.html.erb
  Rendering users/index.html.erb within layouts/application
  [1m[36mUser Load (0.2ms)[0m  [1m[34mSELECT "users".* FROM "users"[0m
  ↳ app/views/users/index.html.erb:6
  Rendered users/_user.html.erb (Duration: 0.1ms | Allocations: 26)
  Rendered users/_user.html.erb (Duration: 0.1ms | Allocations: 25)
  Rendered users/index.html.erb within layouts/application (Duration: 2.4ms | Allocations: 1145)
  Rendered layout layouts/application.html.erb (Duration: 4.0ms | Allocations: 2157)
Completed 200 OK in 5ms (Views: 4.3ms | ActiveRecord: 0.2ms | Allocations: 2429)


  [1m[35m (2.1ms)[0m  [1m[34mSELECT sqlite_version(*)[0m
  [1m[36mMicropost Load (0.4ms)[0m  [1m[34mSELECT "microposts".* FROM "microposts" ORDER BY "microposts"."id" ASC LIMIT ?[0m  [["LIMIT", 1]]
